The system is: Darwin - 19.2.0 - x86_64
Compiling the C compiler identification source file "CMakeCCompilerId.c" succeeded.
Compiler: /usr/local/opt/llvm/bin/clang 
Build flags: 
Id flags:  

The output was:
0


Compilation of the C compiler identification source "CMakeCCompilerId.c" produced "a.out"

The C compiler identification is Clang, found in "/Users/nieel/dev/cpcli/build/CMakeFiles/3.16.2/CompilerIdC/a.out"

Compiling the CXX compiler identification source file "CMakeCXXCompilerId.cpp" succeeded.
Compiler: /usr/local/opt/llvm/bin/clang++ 
Build flags: 
Id flags:  

The output was:
0


Compilation of the CXX compiler identification source "CMakeCXXCompilerId.cpp" produced "a.out"

The CXX compiler identification is Clang, found in "/Users/nieel/dev/cpcli/build/CMakeFiles/3.16.2/CompilerIdCXX/a.out"

Determining if the C compiler works passed with the following output:
Change Dir: /Users/nieel/dev/cpcli/build/CMakeFiles/CMakeTmp

Run Build Command(s):/usr/bin/make cmTC_e2c90/fast && /Library/Developer/CommandLineTools/usr/bin/make -f CMakeFiles/cmTC_e2c90.dir/build.make CMakeFiles/cmTC_e2c90.dir/build
Building C object CMakeFiles/cmTC_e2c90.dir/testCCompiler.c.o
/usr/local/opt/llvm/bin/clang   -isysroot /Library/Developer/CommandLineTools/SDKs/MacOSX10.15.sdk   -o CMakeFiles/cmTC_e2c90.dir/testCCompiler.c.o   -c /Users/nieel/dev/cpcli/build/CMakeFiles/CMakeTmp/testCCompiler.c
Linking C executable cmTC_e2c90
/usr/local/Cellar/cmake/3.16.2/bin/cmake -E cmake_link_script CMakeFiles/cmTC_e2c90.dir/link.txt --verbose=1
/usr/local/opt/llvm/bin/clang   -isysroot /Library/Developer/CommandLineTools/SDKs/MacOSX10.15.sdk -Wl,-search_paths_first -Wl,-headerpad_max_install_names   CMakeFiles/cmTC_e2c90.dir/testCCompiler.c.o  -o cmTC_e2c90 



Detecting C compiler ABI info compiled with the following output:
Change Dir: /Users/nieel/dev/cpcli/build/CMakeFiles/CMakeTmp

Run Build Command(s):/usr/bin/make cmTC_543cb/fast && /Library/Developer/CommandLineTools/usr/bin/make -f CMakeFiles/cmTC_543cb.dir/build.make CMakeFiles/cmTC_543cb.dir/build
Building C object CMakeFiles/cmTC_543cb.dir/CMakeCCompilerABI.c.o
/usr/local/opt/llvm/bin/clang   -isysroot /Library/Developer/CommandLineTools/SDKs/MacOSX10.15.sdk   -v -Wl,-v -o CMakeFiles/cmTC_543cb.dir/CMakeCCompilerABI.c.o   -c /usr/local/Cellar/cmake/3.16.2/share/cmake/Modules/CMakeCCompilerABI.c
clang version 9.0.0 (tags/RELEASE_900/final)
Target: x86_64-apple-darwin19.2.0
Thread model: posix
InstalledDir: /usr/local/opt/llvm/bin
clang-9: warning: -Wl,-v: 'linker' input unused [-Wunused-command-line-argument]
 "/usr/local/Cellar/llvm/9.0.0_1/bin/clang-9" -cc1 -triple x86_64-apple-macosx10.15.0 -Wdeprecated-objc-isa-usage -Werror=deprecated-objc-isa-usage -emit-obj -mrelax-all -disable-free -disable-llvm-verifier -discard-value-names -main-file-name CMakeCCompilerABI.c -mrelocation-model pic -pic-level 2 -mthread-model posix -mdisable-fp-elim -masm-verbose -munwind-tables -target-sdk-version=10.15 -target-cpu penryn -dwarf-column-info -debugger-tuning=lldb -ggnu-pubnames -target-linker-version 512.4 -v -coverage-notes-file /Users/nieel/dev/cpcli/build/CMakeFiles/CMakeTmp/CMakeFiles/cmTC_543cb.dir/CMakeCCompilerABI.c.gcno -resource-dir /usr/local/Cellar/llvm/9.0.0_1/lib/clang/9.0.0 -isysroot /Library/Developer/CommandLineTools/SDKs/MacOSX10.15.sdk -internal-isystem /Library/Developer/CommandLineTools/SDKs/MacOSX10.15.sdk/usr/local/include -internal-isystem /usr/local/Cellar/llvm/9.0.0_1/lib/clang/9.0.0/include -internal-externc-isystem /Library/Developer/CommandLineTools/SDKs/MacOSX10.15.sdk/usr/include -fdebug-compilation-dir /Users/nieel/dev/cpcli/build/CMakeFiles/CMakeTmp -ferror-limit 19 -fmessage-length 0 -stack-protector 1 -fblocks -fencode-extended-block-signature -fregister-global-dtors-with-atexit -fobjc-runtime=macosx-10.15.0 -fmax-type-align=16 -fdiagnostics-show-option -o CMakeFiles/cmTC_543cb.dir/CMakeCCompilerABI.c.o -x c /usr/local/Cellar/cmake/3.16.2/share/cmake/Modules/CMakeCCompilerABI.c
clang -cc1 version 9.0.0 based upon LLVM 9.0.0 default target x86_64-apple-darwin19.2.0
ignoring nonexistent directory "/Library/Developer/CommandLineTools/SDKs/MacOSX10.15.sdk/usr/local/include"
ignoring nonexistent directory "/Library/Developer/CommandLineTools/SDKs/MacOSX10.15.sdk/Library/Frameworks"
#include "..." search starts here:
#include <...> search starts here:
 /usr/local/Cellar/llvm/9.0.0_1/lib/clang/9.0.0/include
 /Library/Developer/CommandLineTools/SDKs/MacOSX10.15.sdk/usr/include
 /Library/Developer/CommandLineTools/SDKs/MacOSX10.15.sdk/System/Library/Frameworks (framework directory)
End of search list.
Linking C executable cmTC_543cb
/usr/local/Cellar/cmake/3.16.2/bin/cmake -E cmake_link_script CMakeFiles/cmTC_543cb.dir/link.txt --verbose=1
/usr/local/opt/llvm/bin/clang   -isysroot /Library/Developer/CommandLineTools/SDKs/MacOSX10.15.sdk -Wl,-search_paths_first -Wl,-headerpad_max_install_names  -v -Wl,-v CMakeFiles/cmTC_543cb.dir/CMakeCCompilerABI.c.o  -o cmTC_543cb 
clang version 9.0.0 (tags/RELEASE_900/final)
Target: x86_64-apple-darwin19.2.0
Thread model: posix
InstalledDir: /usr/local/opt/llvm/bin
 "/usr/bin/ld" -demangle -lto_library /usr/local/Cellar/llvm/9.0.0_1/lib/libLTO.dylib -dynamic -arch x86_64 -macosx_version_min 10.15.0 -syslibroot /Library/Developer/CommandLineTools/SDKs/MacOSX.sdk -o cmTC_543cb -search_paths_first -headerpad_max_install_names -v CMakeFiles/cmTC_543cb.dir/CMakeCCompilerABI.c.o -lSystem /usr/local/Cellar/llvm/9.0.0_1/lib/clang/9.0.0/lib/darwin/libclang_rt.osx.a
@(#)PROGRAM:ld  PROJECT:ld64-530
BUILD 03:01:58 Nov 15 2019
configured to support archs: armv6 armv7 armv7s arm64 arm64e arm64_32 i386 x86_64 x86_64h armv6m armv7k armv7m armv7em
Library search paths:
	/Library/Developer/CommandLineTools/SDKs/MacOSX.sdk/usr/lib
Framework search paths:
	/Library/Developer/CommandLineTools/SDKs/MacOSX.sdk/System/Library/Frameworks/



Parsed C implicit include dir info from above output: rv=done
  found start of include info
  found start of implicit include info
    add: [/usr/local/Cellar/llvm/9.0.0_1/lib/clang/9.0.0/include]
    add: [/Library/Developer/CommandLineTools/SDKs/MacOSX10.15.sdk/usr/include]
  end of search list found
  collapse include dir [/usr/local/Cellar/llvm/9.0.0_1/lib/clang/9.0.0/include] ==> [/usr/local/Cellar/llvm/9.0.0_1/lib/clang/9.0.0/include]
  collapse include dir [/Library/Developer/CommandLineTools/SDKs/MacOSX10.15.sdk/usr/include] ==> [/Library/Developer/CommandLineTools/SDKs/MacOSX10.15.sdk/usr/include]
  implicit include dirs: [/usr/local/Cellar/llvm/9.0.0_1/lib/clang/9.0.0/include;/Library/Developer/CommandLineTools/SDKs/MacOSX10.15.sdk/usr/include]


Parsed C implicit link information from above output:
  link line regex: [^( *|.*[/\])(ld|CMAKE_LINK_STARTFILE-NOTFOUND|([^/\]+-)?ld|collect2)[^/\]*( |$)]
  ignore line: [Change Dir: /Users/nieel/dev/cpcli/build/CMakeFiles/CMakeTmp]
  ignore line: []
  ignore line: [Run Build Command(s):/usr/bin/make cmTC_543cb/fast && /Library/Developer/CommandLineTools/usr/bin/make -f CMakeFiles/cmTC_543cb.dir/build.make CMakeFiles/cmTC_543cb.dir/build]
  ignore line: [Building C object CMakeFiles/cmTC_543cb.dir/CMakeCCompilerABI.c.o]
  ignore line: [/usr/local/opt/llvm/bin/clang   -isysroot /Library/Developer/CommandLineTools/SDKs/MacOSX10.15.sdk   -v -Wl -v -o CMakeFiles/cmTC_543cb.dir/CMakeCCompilerABI.c.o   -c /usr/local/Cellar/cmake/3.16.2/share/cmake/Modules/CMakeCCompilerABI.c]
  ignore line: [clang version 9.0.0 (tags/RELEASE_900/final)]
  ignore line: [Target: x86_64-apple-darwin19.2.0]
  ignore line: [Thread model: posix]
  ignore line: [InstalledDir: /usr/local/opt/llvm/bin]
  ignore line: [clang-9: warning: -Wl -v: 'linker' input unused [-Wunused-command-line-argument]]
  ignore line: [ "/usr/local/Cellar/llvm/9.0.0_1/bin/clang-9" -cc1 -triple x86_64-apple-macosx10.15.0 -Wdeprecated-objc-isa-usage -Werror=deprecated-objc-isa-usage -emit-obj -mrelax-all -disable-free -disable-llvm-verifier -discard-value-names -main-file-name CMakeCCompilerABI.c -mrelocation-model pic -pic-level 2 -mthread-model posix -mdisable-fp-elim -masm-verbose -munwind-tables -target-sdk-version=10.15 -target-cpu penryn -dwarf-column-info -debugger-tuning=lldb -ggnu-pubnames -target-linker-version 512.4 -v -coverage-notes-file /Users/nieel/dev/cpcli/build/CMakeFiles/CMakeTmp/CMakeFiles/cmTC_543cb.dir/CMakeCCompilerABI.c.gcno -resource-dir /usr/local/Cellar/llvm/9.0.0_1/lib/clang/9.0.0 -isysroot /Library/Developer/CommandLineTools/SDKs/MacOSX10.15.sdk -internal-isystem /Library/Developer/CommandLineTools/SDKs/MacOSX10.15.sdk/usr/local/include -internal-isystem /usr/local/Cellar/llvm/9.0.0_1/lib/clang/9.0.0/include -internal-externc-isystem /Library/Developer/CommandLineTools/SDKs/MacOSX10.15.sdk/usr/include -fdebug-compilation-dir /Users/nieel/dev/cpcli/build/CMakeFiles/CMakeTmp -ferror-limit 19 -fmessage-length 0 -stack-protector 1 -fblocks -fencode-extended-block-signature -fregister-global-dtors-with-atexit -fobjc-runtime=macosx-10.15.0 -fmax-type-align=16 -fdiagnostics-show-option -o CMakeFiles/cmTC_543cb.dir/CMakeCCompilerABI.c.o -x c /usr/local/Cellar/cmake/3.16.2/share/cmake/Modules/CMakeCCompilerABI.c]
  ignore line: [clang -cc1 version 9.0.0 based upon LLVM 9.0.0 default target x86_64-apple-darwin19.2.0]
  ignore line: [ignoring nonexistent directory "/Library/Developer/CommandLineTools/SDKs/MacOSX10.15.sdk/usr/local/include"]
  ignore line: [ignoring nonexistent directory "/Library/Developer/CommandLineTools/SDKs/MacOSX10.15.sdk/Library/Frameworks"]
  ignore line: [#include "..." search starts here:]
  ignore line: [#include <...> search starts here:]
  ignore line: [ /usr/local/Cellar/llvm/9.0.0_1/lib/clang/9.0.0/include]
  ignore line: [ /Library/Developer/CommandLineTools/SDKs/MacOSX10.15.sdk/usr/include]
  ignore line: [ /Library/Developer/CommandLineTools/SDKs/MacOSX10.15.sdk/System/Library/Frameworks (framework directory)]
  ignore line: [End of search list.]
  ignore line: [Linking C executable cmTC_543cb]
  ignore line: [/usr/local/Cellar/cmake/3.16.2/bin/cmake -E cmake_link_script CMakeFiles/cmTC_543cb.dir/link.txt --verbose=1]
  ignore line: [/usr/local/opt/llvm/bin/clang   -isysroot /Library/Developer/CommandLineTools/SDKs/MacOSX10.15.sdk -Wl -search_paths_first -Wl -headerpad_max_install_names  -v -Wl -v CMakeFiles/cmTC_543cb.dir/CMakeCCompilerABI.c.o  -o cmTC_543cb ]
  ignore line: [clang version 9.0.0 (tags/RELEASE_900/final)]
  ignore line: [Target: x86_64-apple-darwin19.2.0]
  ignore line: [Thread model: posix]
  ignore line: [InstalledDir: /usr/local/opt/llvm/bin]
  link line: [ "/usr/bin/ld" -demangle -lto_library /usr/local/Cellar/llvm/9.0.0_1/lib/libLTO.dylib -dynamic -arch x86_64 -macosx_version_min 10.15.0 -syslibroot /Library/Developer/CommandLineTools/SDKs/MacOSX.sdk -o cmTC_543cb -search_paths_first -headerpad_max_install_names -v CMakeFiles/cmTC_543cb.dir/CMakeCCompilerABI.c.o -lSystem /usr/local/Cellar/llvm/9.0.0_1/lib/clang/9.0.0/lib/darwin/libclang_rt.osx.a]
    arg [/usr/bin/ld] ==> ignore
    arg [-demangle] ==> ignore
    arg [-lto_library] ==> ignore, skip following value
    arg [/usr/local/Cellar/llvm/9.0.0_1/lib/libLTO.dylib] ==> skip value of -lto_library
    arg [-dynamic] ==> ignore
    arg [-arch] ==> ignore
    arg [x86_64] ==> ignore
    arg [-macosx_version_min] ==> ignore
    arg [10.15.0] ==> ignore
    arg [-syslibroot] ==> ignore
    arg [/Library/Developer/CommandLineTools/SDKs/MacOSX.sdk] ==> ignore
    arg [-o] ==> ignore
    arg [cmTC_543cb] ==> ignore
    arg [-search_paths_first] ==> ignore
    arg [-headerpad_max_install_names] ==> ignore
    arg [-v] ==> ignore
    arg [CMakeFiles/cmTC_543cb.dir/CMakeCCompilerABI.c.o] ==> ignore
    arg [-lSystem] ==> lib [System]
    arg [/usr/local/Cellar/llvm/9.0.0_1/lib/clang/9.0.0/lib/darwin/libclang_rt.osx.a] ==> lib [/usr/local/Cellar/llvm/9.0.0_1/lib/clang/9.0.0/lib/darwin/libclang_rt.osx.a]
  Library search paths: [;/Library/Developer/CommandLineTools/SDKs/MacOSX.sdk/usr/lib]
  Framework search paths: [;/Library/Developer/CommandLineTools/SDKs/MacOSX.sdk/System/Library/Frameworks/]
  remove lib [System]
  remove lib [/usr/local/Cellar/llvm/9.0.0_1/lib/clang/9.0.0/lib/darwin/libclang_rt.osx.a]
  collapse library dir [/Library/Developer/CommandLineTools/SDKs/MacOSX.sdk/usr/lib] ==> [/Library/Developer/CommandLineTools/SDKs/MacOSX.sdk/usr/lib]
  collapse framework dir [/Library/Developer/CommandLineTools/SDKs/MacOSX.sdk/System/Library/Frameworks/] ==> [/Library/Developer/CommandLineTools/SDKs/MacOSX.sdk/System/Library/Frameworks]
  implicit libs: []
  implicit dirs: [/Library/Developer/CommandLineTools/SDKs/MacOSX.sdk/usr/lib]
  implicit fwks: [/Library/Developer/CommandLineTools/SDKs/MacOSX.sdk/System/Library/Frameworks]


Determining if the CXX compiler works passed with the following output:
Change Dir: /Users/nieel/dev/cpcli/build/CMakeFiles/CMakeTmp

Run Build Command(s):/usr/bin/make cmTC_e6952/fast && /Library/Developer/CommandLineTools/usr/bin/make -f CMakeFiles/cmTC_e6952.dir/build.make CMakeFiles/cmTC_e6952.dir/build
Building CXX object CMakeFiles/cmTC_e6952.dir/testCXXCompiler.cxx.o
/usr/local/opt/llvm/bin/clang++    -isysroot /Library/Developer/CommandLineTools/SDKs/MacOSX10.15.sdk   -o CMakeFiles/cmTC_e6952.dir/testCXXCompiler.cxx.o -c /Users/nieel/dev/cpcli/build/CMakeFiles/CMakeTmp/testCXXCompiler.cxx
Linking CXX executable cmTC_e6952
/usr/local/Cellar/cmake/3.16.2/bin/cmake -E cmake_link_script CMakeFiles/cmTC_e6952.dir/link.txt --verbose=1
/usr/local/opt/llvm/bin/clang++    -isysroot /Library/Developer/CommandLineTools/SDKs/MacOSX10.15.sdk -Wl,-search_paths_first -Wl,-headerpad_max_install_names   CMakeFiles/cmTC_e6952.dir/testCXXCompiler.cxx.o  -o cmTC_e6952 



Detecting CXX compiler ABI info compiled with the following output:
Change Dir: /Users/nieel/dev/cpcli/build/CMakeFiles/CMakeTmp

Run Build Command(s):/usr/bin/make cmTC_8f65a/fast && /Library/Developer/CommandLineTools/usr/bin/make -f CMakeFiles/cmTC_8f65a.dir/build.make CMakeFiles/cmTC_8f65a.dir/build
Building CXX object CMakeFiles/cmTC_8f65a.dir/CMakeCXXCompilerABI.cpp.o
/usr/local/opt/llvm/bin/clang++    -isysroot /Library/Developer/CommandLineTools/SDKs/MacOSX10.15.sdk   -v -Wl,-v -o CMakeFiles/cmTC_8f65a.dir/CMakeCXXCompilerABI.cpp.o -c /usr/local/Cellar/cmake/3.16.2/share/cmake/Modules/CMakeCXXCompilerABI.cpp
clang version 9.0.0 (tags/RELEASE_900/final)
Target: x86_64-apple-darwin19.2.0
Thread model: posix
InstalledDir: /usr/local/opt/llvm/bin
clang-9: warning: -Wl,-v: 'linker' input unused [-Wunused-command-line-argument]
 "/usr/local/Cellar/llvm/9.0.0_1/bin/clang-9" -cc1 -triple x86_64-apple-macosx10.15.0 -Wdeprecated-objc-isa-usage -Werror=deprecated-objc-isa-usage -emit-obj -mrelax-all -disable-free -disable-llvm-verifier -discard-value-names -main-file-name CMakeCXXCompilerABI.cpp -mrelocation-model pic -pic-level 2 -mthread-model posix -mdisable-fp-elim -masm-verbose -munwind-tables -target-sdk-version=10.15 -target-cpu penryn -dwarf-column-info -debugger-tuning=lldb -ggnu-pubnames -target-linker-version 512.4 -v -coverage-notes-file /Users/nieel/dev/cpcli/build/CMakeFiles/CMakeTmp/CMakeFiles/cmTC_8f65a.dir/CMakeCXXCompilerABI.cpp.gcno -resource-dir /usr/local/Cellar/llvm/9.0.0_1/lib/clang/9.0.0 -isysroot /Library/Developer/CommandLineTools/SDKs/MacOSX10.15.sdk -stdlib=libc++ -internal-isystem /usr/local/opt/llvm/bin/../include/c++/v1 -internal-isystem /Library/Developer/CommandLineTools/SDKs/MacOSX10.15.sdk/usr/include/c++/v1 -internal-isystem /Library/Developer/CommandLineTools/SDKs/MacOSX10.15.sdk/usr/local/include -internal-isystem /usr/local/Cellar/llvm/9.0.0_1/lib/clang/9.0.0/include -internal-externc-isystem /Library/Developer/CommandLineTools/SDKs/MacOSX10.15.sdk/usr/include -fdeprecated-macro -fdebug-compilation-dir /Users/nieel/dev/cpcli/build/CMakeFiles/CMakeTmp -ferror-limit 19 -fmessage-length 0 -stack-protector 1 -fblocks -fencode-extended-block-signature -fregister-global-dtors-with-atexit -fobjc-runtime=macosx-10.15.0 -fcxx-exceptions -fexceptions -fmax-type-align=16 -fdiagnostics-show-option -o CMakeFiles/cmTC_8f65a.dir/CMakeCXXCompilerABI.cpp.o -x c++ /usr/local/Cellar/cmake/3.16.2/share/cmake/Modules/CMakeCXXCompilerABI.cpp
clang -cc1 version 9.0.0 based upon LLVM 9.0.0 default target x86_64-apple-darwin19.2.0
ignoring nonexistent directory "/Library/Developer/CommandLineTools/SDKs/MacOSX10.15.sdk/usr/include/c++/v1"
ignoring nonexistent directory "/Library/Developer/CommandLineTools/SDKs/MacOSX10.15.sdk/usr/local/include"
ignoring nonexistent directory "/Library/Developer/CommandLineTools/SDKs/MacOSX10.15.sdk/Library/Frameworks"
#include "..." search starts here:
#include <...> search starts here:
 /usr/local/opt/llvm/bin/../include/c++/v1
 /usr/local/Cellar/llvm/9.0.0_1/lib/clang/9.0.0/include
 /Library/Developer/CommandLineTools/SDKs/MacOSX10.15.sdk/usr/include
 /Library/Developer/CommandLineTools/SDKs/MacOSX10.15.sdk/System/Library/Frameworks (framework directory)
End of search list.
Linking CXX executable cmTC_8f65a
/usr/local/Cellar/cmake/3.16.2/bin/cmake -E cmake_link_script CMakeFiles/cmTC_8f65a.dir/link.txt --verbose=1
/usr/local/opt/llvm/bin/clang++    -isysroot /Library/Developer/CommandLineTools/SDKs/MacOSX10.15.sdk -Wl,-search_paths_first -Wl,-headerpad_max_install_names  -v -Wl,-v CMakeFiles/cmTC_8f65a.dir/CMakeCXXCompilerABI.cpp.o  -o cmTC_8f65a 
clang version 9.0.0 (tags/RELEASE_900/final)
Target: x86_64-apple-darwin19.2.0
Thread model: posix
InstalledDir: /usr/local/opt/llvm/bin
 "/usr/bin/ld" -demangle -lto_library /usr/local/Cellar/llvm/9.0.0_1/lib/libLTO.dylib -dynamic -arch x86_64 -macosx_version_min 10.15.0 -syslibroot /Library/Developer/CommandLineTools/SDKs/MacOSX.sdk -o cmTC_8f65a -search_paths_first -headerpad_max_install_names -v CMakeFiles/cmTC_8f65a.dir/CMakeCXXCompilerABI.cpp.o -lc++ -lSystem /usr/local/Cellar/llvm/9.0.0_1/lib/clang/9.0.0/lib/darwin/libclang_rt.osx.a
@(#)PROGRAM:ld  PROJECT:ld64-530
BUILD 03:01:58 Nov 15 2019
configured to support archs: armv6 armv7 armv7s arm64 arm64e arm64_32 i386 x86_64 x86_64h armv6m armv7k armv7m armv7em
Library search paths:
	/Library/Developer/CommandLineTools/SDKs/MacOSX.sdk/usr/lib
Framework search paths:
	/Library/Developer/CommandLineTools/SDKs/MacOSX.sdk/System/Library/Frameworks/



Parsed CXX implicit include dir info from above output: rv=done
  found start of include info
  found start of implicit include info
    add: [/usr/local/opt/llvm/bin/../include/c++/v1]
    add: [/usr/local/Cellar/llvm/9.0.0_1/lib/clang/9.0.0/include]
    add: [/Library/Developer/CommandLineTools/SDKs/MacOSX10.15.sdk/usr/include]
  end of search list found
  collapse include dir [/usr/local/opt/llvm/bin/../include/c++/v1] ==> [/usr/local/opt/llvm/include/c++/v1]
  collapse include dir [/usr/local/Cellar/llvm/9.0.0_1/lib/clang/9.0.0/include] ==> [/usr/local/Cellar/llvm/9.0.0_1/lib/clang/9.0.0/include]
  collapse include dir [/Library/Developer/CommandLineTools/SDKs/MacOSX10.15.sdk/usr/include] ==> [/Library/Developer/CommandLineTools/SDKs/MacOSX10.15.sdk/usr/include]
  implicit include dirs: [/usr/local/opt/llvm/include/c++/v1;/usr/local/Cellar/llvm/9.0.0_1/lib/clang/9.0.0/include;/Library/Developer/CommandLineTools/SDKs/MacOSX10.15.sdk/usr/include]


Parsed CXX implicit link information from above output:
  link line regex: [^( *|.*[/\])(ld|CMAKE_LINK_STARTFILE-NOTFOUND|([^/\]+-)?ld|collect2)[^/\]*( |$)]
  ignore line: [Change Dir: /Users/nieel/dev/cpcli/build/CMakeFiles/CMakeTmp]
  ignore line: []
  ignore line: [Run Build Command(s):/usr/bin/make cmTC_8f65a/fast && /Library/Developer/CommandLineTools/usr/bin/make -f CMakeFiles/cmTC_8f65a.dir/build.make CMakeFiles/cmTC_8f65a.dir/build]
  ignore line: [Building CXX object CMakeFiles/cmTC_8f65a.dir/CMakeCXXCompilerABI.cpp.o]
  ignore line: [/usr/local/opt/llvm/bin/clang++    -isysroot /Library/Developer/CommandLineTools/SDKs/MacOSX10.15.sdk   -v -Wl -v -o CMakeFiles/cmTC_8f65a.dir/CMakeCXXCompilerABI.cpp.o -c /usr/local/Cellar/cmake/3.16.2/share/cmake/Modules/CMakeCXXCompilerABI.cpp]
  ignore line: [clang version 9.0.0 (tags/RELEASE_900/final)]
  ignore line: [Target: x86_64-apple-darwin19.2.0]
  ignore line: [Thread model: posix]
  ignore line: [InstalledDir: /usr/local/opt/llvm/bin]
  ignore line: [clang-9: warning: -Wl -v: 'linker' input unused [-Wunused-command-line-argument]]
  ignore line: [ "/usr/local/Cellar/llvm/9.0.0_1/bin/clang-9" -cc1 -triple x86_64-apple-macosx10.15.0 -Wdeprecated-objc-isa-usage -Werror=deprecated-objc-isa-usage -emit-obj -mrelax-all -disable-free -disable-llvm-verifier -discard-value-names -main-file-name CMakeCXXCompilerABI.cpp -mrelocation-model pic -pic-level 2 -mthread-model posix -mdisable-fp-elim -masm-verbose -munwind-tables -target-sdk-version=10.15 -target-cpu penryn -dwarf-column-info -debugger-tuning=lldb -ggnu-pubnames -target-linker-version 512.4 -v -coverage-notes-file /Users/nieel/dev/cpcli/build/CMakeFiles/CMakeTmp/CMakeFiles/cmTC_8f65a.dir/CMakeCXXCompilerABI.cpp.gcno -resource-dir /usr/local/Cellar/llvm/9.0.0_1/lib/clang/9.0.0 -isysroot /Library/Developer/CommandLineTools/SDKs/MacOSX10.15.sdk -stdlib=libc++ -internal-isystem /usr/local/opt/llvm/bin/../include/c++/v1 -internal-isystem /Library/Developer/CommandLineTools/SDKs/MacOSX10.15.sdk/usr/include/c++/v1 -internal-isystem /Library/Developer/CommandLineTools/SDKs/MacOSX10.15.sdk/usr/local/include -internal-isystem /usr/local/Cellar/llvm/9.0.0_1/lib/clang/9.0.0/include -internal-externc-isystem /Library/Developer/CommandLineTools/SDKs/MacOSX10.15.sdk/usr/include -fdeprecated-macro -fdebug-compilation-dir /Users/nieel/dev/cpcli/build/CMakeFiles/CMakeTmp -ferror-limit 19 -fmessage-length 0 -stack-protector 1 -fblocks -fencode-extended-block-signature -fregister-global-dtors-with-atexit -fobjc-runtime=macosx-10.15.0 -fcxx-exceptions -fexceptions -fmax-type-align=16 -fdiagnostics-show-option -o CMakeFiles/cmTC_8f65a.dir/CMakeCXXCompilerABI.cpp.o -x c++ /usr/local/Cellar/cmake/3.16.2/share/cmake/Modules/CMakeCXXCompilerABI.cpp]
  ignore line: [clang -cc1 version 9.0.0 based upon LLVM 9.0.0 default target x86_64-apple-darwin19.2.0]
  ignore line: [ignoring nonexistent directory "/Library/Developer/CommandLineTools/SDKs/MacOSX10.15.sdk/usr/include/c++/v1"]
  ignore line: [ignoring nonexistent directory "/Library/Developer/CommandLineTools/SDKs/MacOSX10.15.sdk/usr/local/include"]
  ignore line: [ignoring nonexistent directory "/Library/Developer/CommandLineTools/SDKs/MacOSX10.15.sdk/Library/Frameworks"]
  ignore line: [#include "..." search starts here:]
  ignore line: [#include <...> search starts here:]
  ignore line: [ /usr/local/opt/llvm/bin/../include/c++/v1]
  ignore line: [ /usr/local/Cellar/llvm/9.0.0_1/lib/clang/9.0.0/include]
  ignore line: [ /Library/Developer/CommandLineTools/SDKs/MacOSX10.15.sdk/usr/include]
  ignore line: [ /Library/Developer/CommandLineTools/SDKs/MacOSX10.15.sdk/System/Library/Frameworks (framework directory)]
  ignore line: [End of search list.]
  ignore line: [Linking CXX executable cmTC_8f65a]
  ignore line: [/usr/local/Cellar/cmake/3.16.2/bin/cmake -E cmake_link_script CMakeFiles/cmTC_8f65a.dir/link.txt --verbose=1]
  ignore line: [/usr/local/opt/llvm/bin/clang++    -isysroot /Library/Developer/CommandLineTools/SDKs/MacOSX10.15.sdk -Wl -search_paths_first -Wl -headerpad_max_install_names  -v -Wl -v CMakeFiles/cmTC_8f65a.dir/CMakeCXXCompilerABI.cpp.o  -o cmTC_8f65a ]
  ignore line: [clang version 9.0.0 (tags/RELEASE_900/final)]
  ignore line: [Target: x86_64-apple-darwin19.2.0]
  ignore line: [Thread model: posix]
  ignore line: [InstalledDir: /usr/local/opt/llvm/bin]
  link line: [ "/usr/bin/ld" -demangle -lto_library /usr/local/Cellar/llvm/9.0.0_1/lib/libLTO.dylib -dynamic -arch x86_64 -macosx_version_min 10.15.0 -syslibroot /Library/Developer/CommandLineTools/SDKs/MacOSX.sdk -o cmTC_8f65a -search_paths_first -headerpad_max_install_names -v CMakeFiles/cmTC_8f65a.dir/CMakeCXXCompilerABI.cpp.o -lc++ -lSystem /usr/local/Cellar/llvm/9.0.0_1/lib/clang/9.0.0/lib/darwin/libclang_rt.osx.a]
    arg [/usr/bin/ld] ==> ignore
    arg [-demangle] ==> ignore
    arg [-lto_library] ==> ignore, skip following value
    arg [/usr/local/Cellar/llvm/9.0.0_1/lib/libLTO.dylib] ==> skip value of -lto_library
    arg [-dynamic] ==> ignore
    arg [-arch] ==> ignore
    arg [x86_64] ==> ignore
    arg [-macosx_version_min] ==> ignore
    arg [10.15.0] ==> ignore
    arg [-syslibroot] ==> ignore
    arg [/Library/Developer/CommandLineTools/SDKs/MacOSX.sdk] ==> ignore
    arg [-o] ==> ignore
    arg [cmTC_8f65a] ==> ignore
    arg [-search_paths_first] ==> ignore
    arg [-headerpad_max_install_names] ==> ignore
    arg [-v] ==> ignore
    arg [CMakeFiles/cmTC_8f65a.dir/CMakeCXXCompilerABI.cpp.o] ==> ignore
    arg [-lc++] ==> lib [c++]
    arg [-lSystem] ==> lib [System]
    arg [/usr/local/Cellar/llvm/9.0.0_1/lib/clang/9.0.0/lib/darwin/libclang_rt.osx.a] ==> lib [/usr/local/Cellar/llvm/9.0.0_1/lib/clang/9.0.0/lib/darwin/libclang_rt.osx.a]
  Library search paths: [;/Library/Developer/CommandLineTools/SDKs/MacOSX.sdk/usr/lib]
  Framework search paths: [;/Library/Developer/CommandLineTools/SDKs/MacOSX.sdk/System/Library/Frameworks/]
  remove lib [System]
  remove lib [/usr/local/Cellar/llvm/9.0.0_1/lib/clang/9.0.0/lib/darwin/libclang_rt.osx.a]
  collapse library dir [/Library/Developer/CommandLineTools/SDKs/MacOSX.sdk/usr/lib] ==> [/Library/Developer/CommandLineTools/SDKs/MacOSX.sdk/usr/lib]
  collapse framework dir [/Library/Developer/CommandLineTools/SDKs/MacOSX.sdk/System/Library/Frameworks/] ==> [/Library/Developer/CommandLineTools/SDKs/MacOSX.sdk/System/Library/Frameworks]
  implicit libs: [c++]
  implicit dirs: [/Library/Developer/CommandLineTools/SDKs/MacOSX.sdk/usr/lib]
  implicit fwks: [/Library/Developer/CommandLineTools/SDKs/MacOSX.sdk/System/Library/Frameworks]


The system is: Darwin - 19.5.0 - x86_64
Compiling the C compiler identification source file "CMakeCCompilerId.c" succeeded.
Compiler: /usr/local/opt/llvm/bin/clang 
Build flags: 
Id flags:  

The output was:
0


Compilation of the C compiler identification source "CMakeCCompilerId.c" produced "a.out"

The C compiler identification is Clang, found in "/Users/nieel/dev/cpcli/build/CMakeFiles/3.17.3/CompilerIdC/a.out"

Compiling the CXX compiler identification source file "CMakeCXXCompilerId.cpp" succeeded.
Compiler: /usr/local/opt/llvm/bin/clang++ 
Build flags: -std=c++17
Id flags:  

The output was:
0


Compilation of the CXX compiler identification source "CMakeCXXCompilerId.cpp" produced "a.out"

The CXX compiler identification is Clang, found in "/Users/nieel/dev/cpcli/build/CMakeFiles/3.17.3/CompilerIdCXX/a.out"

Determining if the C compiler works passed with the following output:
Change Dir: /Users/nieel/dev/cpcli/build/CMakeFiles/CMakeTmp

Run Build Command(s):/usr/bin/make cmTC_e62d2/fast && /Applications/Xcode.app/Contents/Developer/usr/bin/make  -f CMakeFiles/cmTC_e62d2.dir/build.make CMakeFiles/cmTC_e62d2.dir/build
Building C object CMakeFiles/cmTC_e62d2.dir/testCCompiler.c.o
/usr/local/opt/llvm/bin/clang   -g -isysroot /Library/Developer/CommandLineTools/SDKs/MacOSX10.15.sdk   -o CMakeFiles/cmTC_e62d2.dir/testCCompiler.c.o   -c /Users/nieel/dev/cpcli/build/CMakeFiles/CMakeTmp/testCCompiler.c
Linking C executable Debug/cmTC_e62d2
/usr/local/Cellar/cmake/3.17.3/bin/cmake -E cmake_link_script CMakeFiles/cmTC_e62d2.dir/link.txt --verbose=1
/usr/local/opt/llvm/bin/clang   -g -isysroot /Library/Developer/CommandLineTools/SDKs/MacOSX10.15.sdk -Wl,-search_paths_first -Wl,-headerpad_max_install_names   CMakeFiles/cmTC_e62d2.dir/testCCompiler.c.o  -o Debug/cmTC_e62d2 



Detecting C compiler ABI info compiled with the following output:
Change Dir: /Users/nieel/dev/cpcli/build/CMakeFiles/CMakeTmp

Run Build Command(s):/usr/bin/make cmTC_8f636/fast && /Applications/Xcode.app/Contents/Developer/usr/bin/make  -f CMakeFiles/cmTC_8f636.dir/build.make CMakeFiles/cmTC_8f636.dir/build
Building C object CMakeFiles/cmTC_8f636.dir/CMakeCCompilerABI.c.o
/usr/local/opt/llvm/bin/clang   -g -isysroot /Library/Developer/CommandLineTools/SDKs/MacOSX10.15.sdk   -v -Wl,-v -o CMakeFiles/cmTC_8f636.dir/CMakeCCompilerABI.c.o   -c /usr/local/Cellar/cmake/3.17.3/share/cmake/Modules/CMakeCCompilerABI.c
clang version 10.0.0 
Target: x86_64-apple-darwin19.5.0
Thread model: posix
InstalledDir: /usr/local/opt/llvm/bin
clang-10: warning: -Wl,-v: 'linker' input unused [-Wunused-command-line-argument]
 (in-process)
 "/usr/local/Cellar/llvm/10.0.0_3/bin/clang-10" -cc1 -triple x86_64-apple-macosx10.15.0 -Wdeprecated-objc-isa-usage -Werror=deprecated-objc-isa-usage -emit-obj -mrelax-all -disable-free -disable-llvm-verifier -discard-value-names -main-file-name CMakeCCompilerABI.c -mrelocation-model pic -pic-level 2 -mthread-model posix -mframe-pointer=all -fno-rounding-math -masm-verbose -munwind-tables -target-sdk-version=10.15 -target-cpu penryn -dwarf-column-info -debug-info-kind=standalone -dwarf-version=4 -debugger-tuning=lldb -target-linker-version 556.6 -v -resource-dir /usr/local/Cellar/llvm/10.0.0_3/lib/clang/10.0.0 -isysroot /Library/Developer/CommandLineTools/SDKs/MacOSX10.15.sdk -internal-isystem /Library/Developer/CommandLineTools/SDKs/MacOSX10.15.sdk/usr/local/include -internal-isystem /usr/local/Cellar/llvm/10.0.0_3/lib/clang/10.0.0/include -internal-externc-isystem /Library/Developer/CommandLineTools/SDKs/MacOSX10.15.sdk/usr/include -fdebug-compilation-dir /Users/nieel/dev/cpcli/build/CMakeFiles/CMakeTmp -ferror-limit 19 -fmessage-length 0 -stack-protector 1 -fblocks -fencode-extended-block-signature -fregister-global-dtors-with-atexit -fgnuc-version=4.2.1 -fobjc-runtime=macosx-10.15.0 -fmax-type-align=16 -fdiagnostics-show-option -o CMakeFiles/cmTC_8f636.dir/CMakeCCompilerABI.c.o -x c /usr/local/Cellar/cmake/3.17.3/share/cmake/Modules/CMakeCCompilerABI.c
clang -cc1 version 10.0.0 based upon LLVM 10.0.0 default target x86_64-apple-darwin19.5.0
ignoring nonexistent directory "/Library/Developer/CommandLineTools/SDKs/MacOSX10.15.sdk/usr/local/include"
ignoring nonexistent directory "/Library/Developer/CommandLineTools/SDKs/MacOSX10.15.sdk/Library/Frameworks"
#include "..." search starts here:
#include <...> search starts here:
 /usr/local/Cellar/llvm/10.0.0_3/lib/clang/10.0.0/include
 /Library/Developer/CommandLineTools/SDKs/MacOSX10.15.sdk/usr/include
 /Library/Developer/CommandLineTools/SDKs/MacOSX10.15.sdk/System/Library/Frameworks (framework directory)
End of search list.
Linking C executable Debug/cmTC_8f636
/usr/local/Cellar/cmake/3.17.3/bin/cmake -E cmake_link_script CMakeFiles/cmTC_8f636.dir/link.txt --verbose=1
/usr/local/opt/llvm/bin/clang   -g -isysroot /Library/Developer/CommandLineTools/SDKs/MacOSX10.15.sdk -Wl,-search_paths_first -Wl,-headerpad_max_install_names  -v -Wl,-v CMakeFiles/cmTC_8f636.dir/CMakeCCompilerABI.c.o  -o Debug/cmTC_8f636 
clang version 10.0.0 
Target: x86_64-apple-darwin19.5.0
Thread model: posix
InstalledDir: /usr/local/opt/llvm/bin
 "/usr/bin/ld" -demangle -lto_library /usr/local/Cellar/llvm/10.0.0_3/lib/libLTO.dylib -dynamic -arch x86_64 -platform_version macos 10.15.0 10.15 -syslibroot /Library/Developer/CommandLineTools/SDKs/MacOSX10.15.sdk -o Debug/cmTC_8f636 -search_paths_first -headerpad_max_install_names -v CMakeFiles/cmTC_8f636.dir/CMakeCCompilerABI.c.o -lSystem /usr/local/Cellar/llvm/10.0.0_3/lib/clang/10.0.0/lib/darwin/libclang_rt.osx.a
@(#)PROGRAM:ld  PROJECT:ld64-556.6
BUILD 17:57:49 Apr 24 2020
configured to support archs: armv6 armv7 armv7s arm64 arm64e arm64_32 i386 x86_64 x86_64h armv6m armv7k armv7m armv7em
Library search paths:
	/Library/Developer/CommandLineTools/SDKs/MacOSX10.15.sdk/usr/lib
Framework search paths:
	/Library/Developer/CommandLineTools/SDKs/MacOSX10.15.sdk/System/Library/Frameworks/



Parsed C implicit include dir info from above output: rv=done
  found start of include info
  found start of implicit include info
    add: [/usr/local/Cellar/llvm/10.0.0_3/lib/clang/10.0.0/include]
    add: [/Library/Developer/CommandLineTools/SDKs/MacOSX10.15.sdk/usr/include]
  end of search list found
  collapse include dir [/usr/local/Cellar/llvm/10.0.0_3/lib/clang/10.0.0/include] ==> [/usr/local/Cellar/llvm/10.0.0_3/lib/clang/10.0.0/include]
  collapse include dir [/Library/Developer/CommandLineTools/SDKs/MacOSX10.15.sdk/usr/include] ==> [/Library/Developer/CommandLineTools/SDKs/MacOSX10.15.sdk/usr/include]
  implicit include dirs: [/usr/local/Cellar/llvm/10.0.0_3/lib/clang/10.0.0/include;/Library/Developer/CommandLineTools/SDKs/MacOSX10.15.sdk/usr/include]


Parsed C implicit link information from above output:
  link line regex: [^( *|.*[/\])(ld|CMAKE_LINK_STARTFILE-NOTFOUND|([^/\]+-)?ld|collect2)[^/\]*( |$)]
  ignore line: [Change Dir: /Users/nieel/dev/cpcli/build/CMakeFiles/CMakeTmp]
  ignore line: []
  ignore line: [Run Build Command(s):/usr/bin/make cmTC_8f636/fast && /Applications/Xcode.app/Contents/Developer/usr/bin/make  -f CMakeFiles/cmTC_8f636.dir/build.make CMakeFiles/cmTC_8f636.dir/build]
  ignore line: [Building C object CMakeFiles/cmTC_8f636.dir/CMakeCCompilerABI.c.o]
  ignore line: [/usr/local/opt/llvm/bin/clang   -g -isysroot /Library/Developer/CommandLineTools/SDKs/MacOSX10.15.sdk   -v -Wl -v -o CMakeFiles/cmTC_8f636.dir/CMakeCCompilerABI.c.o   -c /usr/local/Cellar/cmake/3.17.3/share/cmake/Modules/CMakeCCompilerABI.c]
  ignore line: [clang version 10.0.0 ]
  ignore line: [Target: x86_64-apple-darwin19.5.0]
  ignore line: [Thread model: posix]
  ignore line: [InstalledDir: /usr/local/opt/llvm/bin]
  ignore line: [clang-10: warning: -Wl -v: 'linker' input unused [-Wunused-command-line-argument]]
  ignore line: [ (in-process)]
  ignore line: [ "/usr/local/Cellar/llvm/10.0.0_3/bin/clang-10" -cc1 -triple x86_64-apple-macosx10.15.0 -Wdeprecated-objc-isa-usage -Werror=deprecated-objc-isa-usage -emit-obj -mrelax-all -disable-free -disable-llvm-verifier -discard-value-names -main-file-name CMakeCCompilerABI.c -mrelocation-model pic -pic-level 2 -mthread-model posix -mframe-pointer=all -fno-rounding-math -masm-verbose -munwind-tables -target-sdk-version=10.15 -target-cpu penryn -dwarf-column-info -debug-info-kind=standalone -dwarf-version=4 -debugger-tuning=lldb -target-linker-version 556.6 -v -resource-dir /usr/local/Cellar/llvm/10.0.0_3/lib/clang/10.0.0 -isysroot /Library/Developer/CommandLineTools/SDKs/MacOSX10.15.sdk -internal-isystem /Library/Developer/CommandLineTools/SDKs/MacOSX10.15.sdk/usr/local/include -internal-isystem /usr/local/Cellar/llvm/10.0.0_3/lib/clang/10.0.0/include -internal-externc-isystem /Library/Developer/CommandLineTools/SDKs/MacOSX10.15.sdk/usr/include -fdebug-compilation-dir /Users/nieel/dev/cpcli/build/CMakeFiles/CMakeTmp -ferror-limit 19 -fmessage-length 0 -stack-protector 1 -fblocks -fencode-extended-block-signature -fregister-global-dtors-with-atexit -fgnuc-version=4.2.1 -fobjc-runtime=macosx-10.15.0 -fmax-type-align=16 -fdiagnostics-show-option -o CMakeFiles/cmTC_8f636.dir/CMakeCCompilerABI.c.o -x c /usr/local/Cellar/cmake/3.17.3/share/cmake/Modules/CMakeCCompilerABI.c]
  ignore line: [clang -cc1 version 10.0.0 based upon LLVM 10.0.0 default target x86_64-apple-darwin19.5.0]
  ignore line: [ignoring nonexistent directory "/Library/Developer/CommandLineTools/SDKs/MacOSX10.15.sdk/usr/local/include"]
  ignore line: [ignoring nonexistent directory "/Library/Developer/CommandLineTools/SDKs/MacOSX10.15.sdk/Library/Frameworks"]
  ignore line: [#include "..." search starts here:]
  ignore line: [#include <...> search starts here:]
  ignore line: [ /usr/local/Cellar/llvm/10.0.0_3/lib/clang/10.0.0/include]
  ignore line: [ /Library/Developer/CommandLineTools/SDKs/MacOSX10.15.sdk/usr/include]
  ignore line: [ /Library/Developer/CommandLineTools/SDKs/MacOSX10.15.sdk/System/Library/Frameworks (framework directory)]
  ignore line: [End of search list.]
  ignore line: [Linking C executable Debug/cmTC_8f636]
  ignore line: [/usr/local/Cellar/cmake/3.17.3/bin/cmake -E cmake_link_script CMakeFiles/cmTC_8f636.dir/link.txt --verbose=1]
  ignore line: [/usr/local/opt/llvm/bin/clang   -g -isysroot /Library/Developer/CommandLineTools/SDKs/MacOSX10.15.sdk -Wl -search_paths_first -Wl -headerpad_max_install_names  -v -Wl -v CMakeFiles/cmTC_8f636.dir/CMakeCCompilerABI.c.o  -o Debug/cmTC_8f636 ]
  ignore line: [clang version 10.0.0 ]
  ignore line: [Target: x86_64-apple-darwin19.5.0]
  ignore line: [Thread model: posix]
  ignore line: [InstalledDir: /usr/local/opt/llvm/bin]
  link line: [ "/usr/bin/ld" -demangle -lto_library /usr/local/Cellar/llvm/10.0.0_3/lib/libLTO.dylib -dynamic -arch x86_64 -platform_version macos 10.15.0 10.15 -syslibroot /Library/Developer/CommandLineTools/SDKs/MacOSX10.15.sdk -o Debug/cmTC_8f636 -search_paths_first -headerpad_max_install_names -v CMakeFiles/cmTC_8f636.dir/CMakeCCompilerABI.c.o -lSystem /usr/local/Cellar/llvm/10.0.0_3/lib/clang/10.0.0/lib/darwin/libclang_rt.osx.a]
    arg [/usr/bin/ld] ==> ignore
    arg [-demangle] ==> ignore
    arg [-lto_library] ==> ignore, skip following value
    arg [/usr/local/Cellar/llvm/10.0.0_3/lib/libLTO.dylib] ==> skip value of -lto_library
    arg [-dynamic] ==> ignore
    arg [-arch] ==> ignore
    arg [x86_64] ==> ignore
    arg [-platform_version] ==> ignore
    arg [macos] ==> ignore
    arg [10.15.0] ==> ignore
    arg [10.15] ==> ignore
    arg [-syslibroot] ==> ignore
    arg [/Library/Developer/CommandLineTools/SDKs/MacOSX10.15.sdk] ==> ignore
    arg [-o] ==> ignore
    arg [Debug/cmTC_8f636] ==> ignore
    arg [-search_paths_first] ==> ignore
    arg [-headerpad_max_install_names] ==> ignore
    arg [-v] ==> ignore
    arg [CMakeFiles/cmTC_8f636.dir/CMakeCCompilerABI.c.o] ==> ignore
    arg [-lSystem] ==> lib [System]
    arg [/usr/local/Cellar/llvm/10.0.0_3/lib/clang/10.0.0/lib/darwin/libclang_rt.osx.a] ==> lib [/usr/local/Cellar/llvm/10.0.0_3/lib/clang/10.0.0/lib/darwin/libclang_rt.osx.a]
  Library search paths: [;/Library/Developer/CommandLineTools/SDKs/MacOSX10.15.sdk/usr/lib]
  Framework search paths: [;/Library/Developer/CommandLineTools/SDKs/MacOSX10.15.sdk/System/Library/Frameworks/]
  remove lib [System]
  remove lib [/usr/local/Cellar/llvm/10.0.0_3/lib/clang/10.0.0/lib/darwin/libclang_rt.osx.a]
  collapse library dir [/Library/Developer/CommandLineTools/SDKs/MacOSX10.15.sdk/usr/lib] ==> [/Library/Developer/CommandLineTools/SDKs/MacOSX10.15.sdk/usr/lib]
  collapse framework dir [/Library/Developer/CommandLineTools/SDKs/MacOSX10.15.sdk/System/Library/Frameworks/] ==> [/Library/Developer/CommandLineTools/SDKs/MacOSX10.15.sdk/System/Library/Frameworks]
  implicit libs: []
  implicit dirs: [/Library/Developer/CommandLineTools/SDKs/MacOSX10.15.sdk/usr/lib]
  implicit fwks: [/Library/Developer/CommandLineTools/SDKs/MacOSX10.15.sdk/System/Library/Frameworks]


Determining if the CXX compiler works passed with the following output:
Change Dir: /Users/nieel/dev/cpcli/build/CMakeFiles/CMakeTmp

Run Build Command(s):/usr/bin/make cmTC_f91fa/fast && /Applications/Xcode.app/Contents/Developer/usr/bin/make  -f CMakeFiles/cmTC_f91fa.dir/build.make CMakeFiles/cmTC_f91fa.dir/build
Building CXX object CMakeFiles/cmTC_f91fa.dir/testCXXCompiler.cxx.o
/usr/local/bin/ccache /usr/local/opt/llvm/bin/clang++    -std=c++17   -Wall -fPIC -O0 -g -isysroot /Library/Developer/CommandLineTools/SDKs/MacOSX10.15.sdk   -std=gnu++17 -o CMakeFiles/cmTC_f91fa.dir/testCXXCompiler.cxx.o -c /Users/nieel/dev/cpcli/build/CMakeFiles/CMakeTmp/testCXXCompiler.cxx
Linking CXX executable Debug/cmTC_f91fa
/usr/local/Cellar/cmake/3.17.3/bin/cmake -E cmake_link_script CMakeFiles/cmTC_f91fa.dir/link.txt --verbose=1
/usr/local/opt/llvm/bin/clang++  -std=c++17   -Wall -fPIC -O0 -g -isysroot /Library/Developer/CommandLineTools/SDKs/MacOSX10.15.sdk -Wl,-search_paths_first -Wl,-headerpad_max_install_names   CMakeFiles/cmTC_f91fa.dir/testCXXCompiler.cxx.o  -o Debug/cmTC_f91fa 



Detecting CXX compiler ABI info compiled with the following output:
Change Dir: /Users/nieel/dev/cpcli/build/CMakeFiles/CMakeTmp

Run Build Command(s):/usr/bin/make cmTC_d121c/fast && /Applications/Xcode.app/Contents/Developer/usr/bin/make  -f CMakeFiles/cmTC_d121c.dir/build.make CMakeFiles/cmTC_d121c.dir/build
Building CXX object CMakeFiles/cmTC_d121c.dir/CMakeCXXCompilerABI.cpp.o
/usr/local/bin/ccache /usr/local/opt/llvm/bin/clang++    -std=c++17   -Wall -fPIC -O0 -g -isysroot /Library/Developer/CommandLineTools/SDKs/MacOSX10.15.sdk   -v -Wl,-v -std=gnu++17 -o CMakeFiles/cmTC_d121c.dir/CMakeCXXCompilerABI.cpp.o -c /usr/local/Cellar/cmake/3.17.3/share/cmake/Modules/CMakeCXXCompilerABI.cpp
clang version 10.0.0 
Target: x86_64-apple-darwin19.5.0
Thread model: posix
InstalledDir: /usr/local/opt/llvm/bin
clang-10: warning: -Wl,-v: 'linker' input unused [-Wunused-command-line-argument]
 (in-process)
 "/usr/local/Cellar/llvm/10.0.0_3/bin/clang-10" -cc1 -triple x86_64-apple-macosx10.15.0 -Wdeprecated-objc-isa-usage -Werror=deprecated-objc-isa-usage -emit-obj -mrelax-all -disable-free -disable-llvm-verifier -discard-value-names -main-file-name CMakeCXXCompilerABI.cpp -mrelocation-model pic -pic-level 2 -mthread-model posix -mframe-pointer=all -fno-rounding-math -masm-verbose -munwind-tables -target-sdk-version=10.15 -target-cpu penryn -dwarf-column-info -debug-info-kind=standalone -dwarf-version=4 -debugger-tuning=lldb -target-linker-version 556.6 -v -resource-dir /usr/local/Cellar/llvm/10.0.0_3/lib/clang/10.0.0 -isysroot /Library/Developer/CommandLineTools/SDKs/MacOSX10.15.sdk -stdlib=libc++ -internal-isystem /usr/local/opt/llvm/bin/../include/c++/v1 -internal-isystem /Library/Developer/CommandLineTools/SDKs/MacOSX10.15.sdk/usr/include/c++/v1 -internal-isystem /Library/Developer/CommandLineTools/SDKs/MacOSX10.15.sdk/usr/local/include -internal-isystem /usr/local/Cellar/llvm/10.0.0_3/lib/clang/10.0.0/include -internal-externc-isystem /Library/Developer/CommandLineTools/SDKs/MacOSX10.15.sdk/usr/include -O0 -Wall -std=gnu++17 -fdeprecated-macro -fdebug-compilation-dir /Users/nieel/dev/cpcli/build/CMakeFiles/CMakeTmp -ferror-limit 19 -fmessage-length 0 -stack-protector 1 -fblocks -fencode-extended-block-signature -fregister-global-dtors-with-atexit -fgnuc-version=4.2.1 -fobjc-runtime=macosx-10.15.0 -fcxx-exceptions -fexceptions -fmax-type-align=16 -fdiagnostics-show-option -o CMakeFiles/cmTC_d121c.dir/CMakeCXXCompilerABI.cpp.o -x c++ /usr/local/Cellar/cmake/3.17.3/share/cmake/Modules/CMakeCXXCompilerABI.cpp
clang -cc1 version 10.0.0 based upon LLVM 10.0.0 default target x86_64-apple-darwin19.5.0
ignoring nonexistent directory "/Library/Developer/CommandLineTools/SDKs/MacOSX10.15.sdk/usr/include/c++/v1"
ignoring nonexistent directory "/Library/Developer/CommandLineTools/SDKs/MacOSX10.15.sdk/usr/local/include"
ignoring nonexistent directory "/Library/Developer/CommandLineTools/SDKs/MacOSX10.15.sdk/Library/Frameworks"
#include "..." search starts here:
#include <...> search starts here:
 /usr/local/opt/llvm/bin/../include/c++/v1
 /usr/local/Cellar/llvm/10.0.0_3/lib/clang/10.0.0/include
 /Library/Developer/CommandLineTools/SDKs/MacOSX10.15.sdk/usr/include
 /Library/Developer/CommandLineTools/SDKs/MacOSX10.15.sdk/System/Library/Frameworks (framework directory)
End of search list.
Linking CXX executable Debug/cmTC_d121c
/usr/local/Cellar/cmake/3.17.3/bin/cmake -E cmake_link_script CMakeFiles/cmTC_d121c.dir/link.txt --verbose=1
/usr/local/opt/llvm/bin/clang++  -std=c++17   -Wall -fPIC -O0 -g -isysroot /Library/Developer/CommandLineTools/SDKs/MacOSX10.15.sdk -Wl,-search_paths_first -Wl,-headerpad_max_install_names  -v -Wl,-v CMakeFiles/cmTC_d121c.dir/CMakeCXXCompilerABI.cpp.o  -o Debug/cmTC_d121c 
clang version 10.0.0 
Target: x86_64-apple-darwin19.5.0
Thread model: posix
InstalledDir: /usr/local/opt/llvm/bin
 "/usr/bin/ld" -demangle -lto_library /usr/local/Cellar/llvm/10.0.0_3/lib/libLTO.dylib -no_deduplicate -dynamic -arch x86_64 -platform_version macos 10.15.0 10.15 -syslibroot /Library/Developer/CommandLineTools/SDKs/MacOSX10.15.sdk -o Debug/cmTC_d121c -search_paths_first -headerpad_max_install_names -v CMakeFiles/cmTC_d121c.dir/CMakeCXXCompilerABI.cpp.o -lc++ -lSystem /usr/local/Cellar/llvm/10.0.0_3/lib/clang/10.0.0/lib/darwin/libclang_rt.osx.a
@(#)PROGRAM:ld  PROJECT:ld64-556.6
BUILD 17:57:49 Apr 24 2020
configured to support archs: armv6 armv7 armv7s arm64 arm64e arm64_32 i386 x86_64 x86_64h armv6m armv7k armv7m armv7em
Library search paths:
	/Library/Developer/CommandLineTools/SDKs/MacOSX10.15.sdk/usr/lib
Framework search paths:
	/Library/Developer/CommandLineTools/SDKs/MacOSX10.15.sdk/System/Library/Frameworks/



Parsed CXX implicit include dir info from above output: rv=done
  found start of include info
  found start of implicit include info
    add: [/usr/local/opt/llvm/bin/../include/c++/v1]
    add: [/usr/local/Cellar/llvm/10.0.0_3/lib/clang/10.0.0/include]
    add: [/Library/Developer/CommandLineTools/SDKs/MacOSX10.15.sdk/usr/include]
  end of search list found
  collapse include dir [/usr/local/opt/llvm/bin/../include/c++/v1] ==> [/usr/local/opt/llvm/include/c++/v1]
  collapse include dir [/usr/local/Cellar/llvm/10.0.0_3/lib/clang/10.0.0/include] ==> [/usr/local/Cellar/llvm/10.0.0_3/lib/clang/10.0.0/include]
  collapse include dir [/Library/Developer/CommandLineTools/SDKs/MacOSX10.15.sdk/usr/include] ==> [/Library/Developer/CommandLineTools/SDKs/MacOSX10.15.sdk/usr/include]
  implicit include dirs: [/usr/local/opt/llvm/include/c++/v1;/usr/local/Cellar/llvm/10.0.0_3/lib/clang/10.0.0/include;/Library/Developer/CommandLineTools/SDKs/MacOSX10.15.sdk/usr/include]


Parsed CXX implicit link information from above output:
  link line regex: [^( *|.*[/\])(ld|CMAKE_LINK_STARTFILE-NOTFOUND|([^/\]+-)?ld|collect2)[^/\]*( |$)]
  ignore line: [Change Dir: /Users/nieel/dev/cpcli/build/CMakeFiles/CMakeTmp]
  ignore line: []
  ignore line: [Run Build Command(s):/usr/bin/make cmTC_d121c/fast && /Applications/Xcode.app/Contents/Developer/usr/bin/make  -f CMakeFiles/cmTC_d121c.dir/build.make CMakeFiles/cmTC_d121c.dir/build]
  ignore line: [Building CXX object CMakeFiles/cmTC_d121c.dir/CMakeCXXCompilerABI.cpp.o]
  ignore line: [/usr/local/bin/ccache /usr/local/opt/llvm/bin/clang++    -std=c++17   -Wall -fPIC -O0 -g -isysroot /Library/Developer/CommandLineTools/SDKs/MacOSX10.15.sdk   -v -Wl -v -std=gnu++17 -o CMakeFiles/cmTC_d121c.dir/CMakeCXXCompilerABI.cpp.o -c /usr/local/Cellar/cmake/3.17.3/share/cmake/Modules/CMakeCXXCompilerABI.cpp]
  ignore line: [clang version 10.0.0 ]
  ignore line: [Target: x86_64-apple-darwin19.5.0]
  ignore line: [Thread model: posix]
  ignore line: [InstalledDir: /usr/local/opt/llvm/bin]
  ignore line: [clang-10: warning: -Wl -v: 'linker' input unused [-Wunused-command-line-argument]]
  ignore line: [ (in-process)]
  ignore line: [ "/usr/local/Cellar/llvm/10.0.0_3/bin/clang-10" -cc1 -triple x86_64-apple-macosx10.15.0 -Wdeprecated-objc-isa-usage -Werror=deprecated-objc-isa-usage -emit-obj -mrelax-all -disable-free -disable-llvm-verifier -discard-value-names -main-file-name CMakeCXXCompilerABI.cpp -mrelocation-model pic -pic-level 2 -mthread-model posix -mframe-pointer=all -fno-rounding-math -masm-verbose -munwind-tables -target-sdk-version=10.15 -target-cpu penryn -dwarf-column-info -debug-info-kind=standalone -dwarf-version=4 -debugger-tuning=lldb -target-linker-version 556.6 -v -resource-dir /usr/local/Cellar/llvm/10.0.0_3/lib/clang/10.0.0 -isysroot /Library/Developer/CommandLineTools/SDKs/MacOSX10.15.sdk -stdlib=libc++ -internal-isystem /usr/local/opt/llvm/bin/../include/c++/v1 -internal-isystem /Library/Developer/CommandLineTools/SDKs/MacOSX10.15.sdk/usr/include/c++/v1 -internal-isystem /Library/Developer/CommandLineTools/SDKs/MacOSX10.15.sdk/usr/local/include -internal-isystem /usr/local/Cellar/llvm/10.0.0_3/lib/clang/10.0.0/include -internal-externc-isystem /Library/Developer/CommandLineTools/SDKs/MacOSX10.15.sdk/usr/include -O0 -Wall -std=gnu++17 -fdeprecated-macro -fdebug-compilation-dir /Users/nieel/dev/cpcli/build/CMakeFiles/CMakeTmp -ferror-limit 19 -fmessage-length 0 -stack-protector 1 -fblocks -fencode-extended-block-signature -fregister-global-dtors-with-atexit -fgnuc-version=4.2.1 -fobjc-runtime=macosx-10.15.0 -fcxx-exceptions -fexceptions -fmax-type-align=16 -fdiagnostics-show-option -o CMakeFiles/cmTC_d121c.dir/CMakeCXXCompilerABI.cpp.o -x c++ /usr/local/Cellar/cmake/3.17.3/share/cmake/Modules/CMakeCXXCompilerABI.cpp]
  ignore line: [clang -cc1 version 10.0.0 based upon LLVM 10.0.0 default target x86_64-apple-darwin19.5.0]
  ignore line: [ignoring nonexistent directory "/Library/Developer/CommandLineTools/SDKs/MacOSX10.15.sdk/usr/include/c++/v1"]
  ignore line: [ignoring nonexistent directory "/Library/Developer/CommandLineTools/SDKs/MacOSX10.15.sdk/usr/local/include"]
  ignore line: [ignoring nonexistent directory "/Library/Developer/CommandLineTools/SDKs/MacOSX10.15.sdk/Library/Frameworks"]
  ignore line: [#include "..." search starts here:]
  ignore line: [#include <...> search starts here:]
  ignore line: [ /usr/local/opt/llvm/bin/../include/c++/v1]
  ignore line: [ /usr/local/Cellar/llvm/10.0.0_3/lib/clang/10.0.0/include]
  ignore line: [ /Library/Developer/CommandLineTools/SDKs/MacOSX10.15.sdk/usr/include]
  ignore line: [ /Library/Developer/CommandLineTools/SDKs/MacOSX10.15.sdk/System/Library/Frameworks (framework directory)]
  ignore line: [End of search list.]
  ignore line: [Linking CXX executable Debug/cmTC_d121c]
  ignore line: [/usr/local/Cellar/cmake/3.17.3/bin/cmake -E cmake_link_script CMakeFiles/cmTC_d121c.dir/link.txt --verbose=1]
  ignore line: [/usr/local/opt/llvm/bin/clang++  -std=c++17   -Wall -fPIC -O0 -g -isysroot /Library/Developer/CommandLineTools/SDKs/MacOSX10.15.sdk -Wl -search_paths_first -Wl -headerpad_max_install_names  -v -Wl -v CMakeFiles/cmTC_d121c.dir/CMakeCXXCompilerABI.cpp.o  -o Debug/cmTC_d121c ]
  ignore line: [clang version 10.0.0 ]
  ignore line: [Target: x86_64-apple-darwin19.5.0]
  ignore line: [Thread model: posix]
  ignore line: [InstalledDir: /usr/local/opt/llvm/bin]
  link line: [ "/usr/bin/ld" -demangle -lto_library /usr/local/Cellar/llvm/10.0.0_3/lib/libLTO.dylib -no_deduplicate -dynamic -arch x86_64 -platform_version macos 10.15.0 10.15 -syslibroot /Library/Developer/CommandLineTools/SDKs/MacOSX10.15.sdk -o Debug/cmTC_d121c -search_paths_first -headerpad_max_install_names -v CMakeFiles/cmTC_d121c.dir/CMakeCXXCompilerABI.cpp.o -lc++ -lSystem /usr/local/Cellar/llvm/10.0.0_3/lib/clang/10.0.0/lib/darwin/libclang_rt.osx.a]
    arg [/usr/bin/ld] ==> ignore
    arg [-demangle] ==> ignore
    arg [-lto_library] ==> ignore, skip following value
    arg [/usr/local/Cellar/llvm/10.0.0_3/lib/libLTO.dylib] ==> skip value of -lto_library
    arg [-no_deduplicate] ==> ignore
    arg [-dynamic] ==> ignore
    arg [-arch] ==> ignore
    arg [x86_64] ==> ignore
    arg [-platform_version] ==> ignore
    arg [macos] ==> ignore
    arg [10.15.0] ==> ignore
    arg [10.15] ==> ignore
    arg [-syslibroot] ==> ignore
    arg [/Library/Developer/CommandLineTools/SDKs/MacOSX10.15.sdk] ==> ignore
    arg [-o] ==> ignore
    arg [Debug/cmTC_d121c] ==> ignore
    arg [-search_paths_first] ==> ignore
    arg [-headerpad_max_install_names] ==> ignore
    arg [-v] ==> ignore
    arg [CMakeFiles/cmTC_d121c.dir/CMakeCXXCompilerABI.cpp.o] ==> ignore
    arg [-lc++] ==> lib [c++]
    arg [-lSystem] ==> lib [System]
    arg [/usr/local/Cellar/llvm/10.0.0_3/lib/clang/10.0.0/lib/darwin/libclang_rt.osx.a] ==> lib [/usr/local/Cellar/llvm/10.0.0_3/lib/clang/10.0.0/lib/darwin/libclang_rt.osx.a]
  Library search paths: [;/Library/Developer/CommandLineTools/SDKs/MacOSX10.15.sdk/usr/lib]
  Framework search paths: [;/Library/Developer/CommandLineTools/SDKs/MacOSX10.15.sdk/System/Library/Frameworks/]
  remove lib [System]
  remove lib [/usr/local/Cellar/llvm/10.0.0_3/lib/clang/10.0.0/lib/darwin/libclang_rt.osx.a]
  collapse library dir [/Library/Developer/CommandLineTools/SDKs/MacOSX10.15.sdk/usr/lib] ==> [/Library/Developer/CommandLineTools/SDKs/MacOSX10.15.sdk/usr/lib]
  collapse framework dir [/Library/Developer/CommandLineTools/SDKs/MacOSX10.15.sdk/System/Library/Frameworks/] ==> [/Library/Developer/CommandLineTools/SDKs/MacOSX10.15.sdk/System/Library/Frameworks]
  implicit libs: [c++]
  implicit dirs: [/Library/Developer/CommandLineTools/SDKs/MacOSX10.15.sdk/usr/lib]
  implicit fwks: [/Library/Developer/CommandLineTools/SDKs/MacOSX10.15.sdk/System/Library/Frameworks]


The system is: Darwin - 20.4.0 - x86_64
Compiling the C compiler identification source file "CMakeCCompilerId.c" succeeded.
Compiler: /usr/local/opt/llvm/bin/clang 
Build flags: 
Id flags:  

The output was:
0


Compilation of the C compiler identification source "CMakeCCompilerId.c" produced "a.out"

The C compiler identification is Clang, found in "/Users/nieel/dev/cpp/cpcli/build/CMakeFiles/3.20.2/CompilerIdC/a.out"

Compiling the CXX compiler identification source file "CMakeCXXCompilerId.cpp" succeeded.
Compiler: /usr/local/opt/llvm/bin/clang++ 
Build flags: 
Id flags:  

The output was:
0


Compilation of the CXX compiler identification source "CMakeCXXCompilerId.cpp" produced "a.out"

The CXX compiler identification is Clang, found in "/Users/nieel/dev/cpp/cpcli/build/CMakeFiles/3.20.2/CompilerIdCXX/a.out"

Detecting C compiler ABI info compiled with the following output:
Change Dir: /Users/nieel/dev/cpp/cpcli/build/CMakeFiles/CMakeTmp

Run Build Command(s):/usr/bin/make -f Makefile cmTC_21a27/fast && /Applications/Xcode.app/Contents/Developer/usr/bin/make  -f CMakeFiles/cmTC_21a27.dir/build.make CMakeFiles/cmTC_21a27.dir/build
Building C object CMakeFiles/cmTC_21a27.dir/CMakeCCompilerABI.c.o
/usr/local/opt/llvm/bin/clang   -g -isysroot /Applications/Xcode.app/Contents/Developer/Platforms/MacOSX.platform/Developer/SDKs/MacOSX.sdk   -v -Wl,-v -MD -MT CMakeFiles/cmTC_21a27.dir/CMakeCCompilerABI.c.o -MF CMakeFiles/cmTC_21a27.dir/CMakeCCompilerABI.c.o.d -o CMakeFiles/cmTC_21a27.dir/CMakeCCompilerABI.c.o -c /usr/local/Cellar/cmake/3.20.2/share/cmake/Modules/CMakeCCompilerABI.c
Homebrew clang version 12.0.1
Target: x86_64-apple-darwin20.4.0
Thread model: posix
InstalledDir: /usr/local/opt/llvm/bin
clang-12: warning: -Wl,-v: 'linker' input unused [-Wunused-command-line-argument]
 (in-process)
 "/usr/local/Cellar/llvm/12.0.1/bin/clang-12" -cc1 -triple x86_64-apple-macosx11.0.0 -Wundef-prefix=TARGET_OS_ -Werror=undef-prefix -Wdeprecated-objc-isa-usage -Werror=deprecated-objc-isa-usage -emit-obj -mrelax-all --mrelax-relocations -disable-free -disable-llvm-verifier -discard-value-names -main-file-name CMakeCCompilerABI.c -mrelocation-model pic -pic-level 2 -mframe-pointer=all -fno-rounding-math -munwind-tables -target-sdk-version=11.3 -fcompatibility-qualified-id-block-type-checking -fvisibility-inlines-hidden-static-local-var -target-cpu penryn -tune-cpu generic -debug-info-kind=standalone -dwarf-version=4 -debugger-tuning=lldb -target-linker-version 650.9 -v -resource-dir /usr/local/Cellar/llvm/12.0.1/lib/clang/12.0.1 -dependency-file CMakeFiles/cmTC_21a27.dir/CMakeCCompilerABI.c.o.d -MT CMakeFiles/cmTC_21a27.dir/CMakeCCompilerABI.c.o -sys-header-deps -isysroot /Applications/Xcode.app/Contents/Developer/Platforms/MacOSX.platform/Developer/SDKs/MacOSX.sdk -internal-isystem /Applications/Xcode.app/Contents/Developer/Platforms/MacOSX.platform/Developer/SDKs/MacOSX.sdk/usr/local/include -internal-isystem /usr/local/Cellar/llvm/12.0.1/lib/clang/12.0.1/include -internal-externc-isystem /Applications/Xcode.app/Contents/Developer/Platforms/MacOSX.platform/Developer/SDKs/MacOSX.sdk/usr/include -fdebug-compilation-dir /Users/nieel/dev/cpp/cpcli/build/CMakeFiles/CMakeTmp -ferror-limit 19 -stack-protector 1 -fblocks -fencode-extended-block-signature -fregister-global-dtors-with-atexit -fgnuc-version=4.2.1 -fmax-type-align=16 -o CMakeFiles/cmTC_21a27.dir/CMakeCCompilerABI.c.o -x c /usr/local/Cellar/cmake/3.20.2/share/cmake/Modules/CMakeCCompilerABI.c
clang -cc1 version 12.0.1 based upon LLVM 12.0.1 default target x86_64-apple-darwin20.4.0
ignoring nonexistent directory "/Applications/Xcode.app/Contents/Developer/Platforms/MacOSX.platform/Developer/SDKs/MacOSX.sdk/usr/local/include"
ignoring nonexistent directory "/Applications/Xcode.app/Contents/Developer/Platforms/MacOSX.platform/Developer/SDKs/MacOSX.sdk/Library/Frameworks"
#include "..." search starts here:
#include <...> search starts here:
 /usr/local/Cellar/llvm/12.0.1/lib/clang/12.0.1/include
 /Applications/Xcode.app/Contents/Developer/Platforms/MacOSX.platform/Developer/SDKs/MacOSX.sdk/usr/include
 /Applications/Xcode.app/Contents/Developer/Platforms/MacOSX.platform/Developer/SDKs/MacOSX.sdk/System/Library/Frameworks (framework directory)
End of search list.
Linking C executable Debug/cmTC_21a27
/usr/local/Cellar/cmake/3.20.2/bin/cmake -E cmake_link_script CMakeFiles/cmTC_21a27.dir/link.txt --verbose=1
/usr/local/opt/llvm/bin/clang -g -isysroot /Applications/Xcode.app/Contents/Developer/Platforms/MacOSX.platform/Developer/SDKs/MacOSX.sdk -Wl,-search_paths_first -Wl,-headerpad_max_install_names -L/usr/local/opt/llvm/lib -v -Wl,-v CMakeFiles/cmTC_21a27.dir/CMakeCCompilerABI.c.o -o Debug/cmTC_21a27 
Homebrew clang version 12.0.1
Target: x86_64-apple-darwin20.4.0
Thread model: posix
InstalledDir: /usr/local/opt/llvm/bin
 "/usr/bin/ld" -demangle -lto_library /usr/local/Cellar/llvm/12.0.1/lib/libLTO.dylib -dynamic -arch x86_64 -platform_version macos 11.0.0 11.3 -syslibroot /Library/Developer/CommandLineTools/SDKs/MacOSX.sdk -o Debug/cmTC_21a27 -L/usr/local/opt/llvm/lib -search_paths_first -headerpad_max_install_names -v CMakeFiles/cmTC_21a27.dir/CMakeCCompilerABI.c.o -lSystem /usr/local/Cellar/llvm/12.0.1/lib/clang/12.0.1/lib/darwin/libclang_rt.osx.a
@(#)PROGRAM:ld  PROJECT:ld64-650.9
BUILD 13:09:02 May 28 2021
configured to support archs: armv6 armv7 armv7s arm64 arm64e arm64_32 i386 x86_64 x86_64h armv6m armv7k armv7m armv7em
Library search paths:
	/usr/local/opt/llvm/lib
	/Library/Developer/CommandLineTools/SDKs/MacOSX.sdk/usr/lib
Framework search paths:
	/Library/Developer/CommandLineTools/SDKs/MacOSX.sdk/System/Library/Frameworks/



Parsed C implicit include dir info from above output: rv=done
  found start of include info
  found start of implicit include info
    add: [/usr/local/Cellar/llvm/12.0.1/lib/clang/12.0.1/include]
    add: [/Applications/Xcode.app/Contents/Developer/Platforms/MacOSX.platform/Developer/SDKs/MacOSX.sdk/usr/include]
  end of search list found
  collapse include dir [/usr/local/Cellar/llvm/12.0.1/lib/clang/12.0.1/include] ==> [/usr/local/Cellar/llvm/12.0.1/lib/clang/12.0.1/include]
  collapse include dir [/Applications/Xcode.app/Contents/Developer/Platforms/MacOSX.platform/Developer/SDKs/MacOSX.sdk/usr/include] ==> [/Applications/Xcode.app/Contents/Developer/Platforms/MacOSX.platform/Developer/SDKs/MacOSX.sdk/usr/include]
  implicit include dirs: [/usr/local/Cellar/llvm/12.0.1/lib/clang/12.0.1/include;/Applications/Xcode.app/Contents/Developer/Platforms/MacOSX.platform/Developer/SDKs/MacOSX.sdk/usr/include]


Parsed C implicit link information from above output:
  link line regex: [^( *|.*[/\])(ld|CMAKE_LINK_STARTFILE-NOTFOUND|([^/\]+-)?ld|collect2)[^/\]*( |$)]
  ignore line: [Change Dir: /Users/nieel/dev/cpp/cpcli/build/CMakeFiles/CMakeTmp]
  ignore line: []
  ignore line: [Run Build Command(s):/usr/bin/make -f Makefile cmTC_21a27/fast && /Applications/Xcode.app/Contents/Developer/usr/bin/make  -f CMakeFiles/cmTC_21a27.dir/build.make CMakeFiles/cmTC_21a27.dir/build]
  ignore line: [Building C object CMakeFiles/cmTC_21a27.dir/CMakeCCompilerABI.c.o]
  ignore line: [/usr/local/opt/llvm/bin/clang   -g -isysroot /Applications/Xcode.app/Contents/Developer/Platforms/MacOSX.platform/Developer/SDKs/MacOSX.sdk   -v -Wl -v -MD -MT CMakeFiles/cmTC_21a27.dir/CMakeCCompilerABI.c.o -MF CMakeFiles/cmTC_21a27.dir/CMakeCCompilerABI.c.o.d -o CMakeFiles/cmTC_21a27.dir/CMakeCCompilerABI.c.o -c /usr/local/Cellar/cmake/3.20.2/share/cmake/Modules/CMakeCCompilerABI.c]
  ignore line: [Homebrew clang version 12.0.1]
  ignore line: [Target: x86_64-apple-darwin20.4.0]
  ignore line: [Thread model: posix]
  ignore line: [InstalledDir: /usr/local/opt/llvm/bin]
  ignore line: [clang-12: warning: -Wl -v: 'linker' input unused [-Wunused-command-line-argument]]
  ignore line: [ (in-process)]
  ignore line: [ "/usr/local/Cellar/llvm/12.0.1/bin/clang-12" -cc1 -triple x86_64-apple-macosx11.0.0 -Wundef-prefix=TARGET_OS_ -Werror=undef-prefix -Wdeprecated-objc-isa-usage -Werror=deprecated-objc-isa-usage -emit-obj -mrelax-all --mrelax-relocations -disable-free -disable-llvm-verifier -discard-value-names -main-file-name CMakeCCompilerABI.c -mrelocation-model pic -pic-level 2 -mframe-pointer=all -fno-rounding-math -munwind-tables -target-sdk-version=11.3 -fcompatibility-qualified-id-block-type-checking -fvisibility-inlines-hidden-static-local-var -target-cpu penryn -tune-cpu generic -debug-info-kind=standalone -dwarf-version=4 -debugger-tuning=lldb -target-linker-version 650.9 -v -resource-dir /usr/local/Cellar/llvm/12.0.1/lib/clang/12.0.1 -dependency-file CMakeFiles/cmTC_21a27.dir/CMakeCCompilerABI.c.o.d -MT CMakeFiles/cmTC_21a27.dir/CMakeCCompilerABI.c.o -sys-header-deps -isysroot /Applications/Xcode.app/Contents/Developer/Platforms/MacOSX.platform/Developer/SDKs/MacOSX.sdk -internal-isystem /Applications/Xcode.app/Contents/Developer/Platforms/MacOSX.platform/Developer/SDKs/MacOSX.sdk/usr/local/include -internal-isystem /usr/local/Cellar/llvm/12.0.1/lib/clang/12.0.1/include -internal-externc-isystem /Applications/Xcode.app/Contents/Developer/Platforms/MacOSX.platform/Developer/SDKs/MacOSX.sdk/usr/include -fdebug-compilation-dir /Users/nieel/dev/cpp/cpcli/build/CMakeFiles/CMakeTmp -ferror-limit 19 -stack-protector 1 -fblocks -fencode-extended-block-signature -fregister-global-dtors-with-atexit -fgnuc-version=4.2.1 -fmax-type-align=16 -o CMakeFiles/cmTC_21a27.dir/CMakeCCompilerABI.c.o -x c /usr/local/Cellar/cmake/3.20.2/share/cmake/Modules/CMakeCCompilerABI.c]
  ignore line: [clang -cc1 version 12.0.1 based upon LLVM 12.0.1 default target x86_64-apple-darwin20.4.0]
  ignore line: [ignoring nonexistent directory "/Applications/Xcode.app/Contents/Developer/Platforms/MacOSX.platform/Developer/SDKs/MacOSX.sdk/usr/local/include"]
  ignore line: [ignoring nonexistent directory "/Applications/Xcode.app/Contents/Developer/Platforms/MacOSX.platform/Developer/SDKs/MacOSX.sdk/Library/Frameworks"]
  ignore line: [#include "..." search starts here:]
  ignore line: [#include <...> search starts here:]
  ignore line: [ /usr/local/Cellar/llvm/12.0.1/lib/clang/12.0.1/include]
  ignore line: [ /Applications/Xcode.app/Contents/Developer/Platforms/MacOSX.platform/Developer/SDKs/MacOSX.sdk/usr/include]
  ignore line: [ /Applications/Xcode.app/Contents/Developer/Platforms/MacOSX.platform/Developer/SDKs/MacOSX.sdk/System/Library/Frameworks (framework directory)]
  ignore line: [End of search list.]
  ignore line: [Linking C executable Debug/cmTC_21a27]
  ignore line: [/usr/local/Cellar/cmake/3.20.2/bin/cmake -E cmake_link_script CMakeFiles/cmTC_21a27.dir/link.txt --verbose=1]
  ignore line: [/usr/local/opt/llvm/bin/clang -g -isysroot /Applications/Xcode.app/Contents/Developer/Platforms/MacOSX.platform/Developer/SDKs/MacOSX.sdk -Wl -search_paths_first -Wl -headerpad_max_install_names -L/usr/local/opt/llvm/lib -v -Wl -v CMakeFiles/cmTC_21a27.dir/CMakeCCompilerABI.c.o -o Debug/cmTC_21a27 ]
  ignore line: [Homebrew clang version 12.0.1]
  ignore line: [Target: x86_64-apple-darwin20.4.0]
  ignore line: [Thread model: posix]
  ignore line: [InstalledDir: /usr/local/opt/llvm/bin]
  link line: [ "/usr/bin/ld" -demangle -lto_library /usr/local/Cellar/llvm/12.0.1/lib/libLTO.dylib -dynamic -arch x86_64 -platform_version macos 11.0.0 11.3 -syslibroot /Library/Developer/CommandLineTools/SDKs/MacOSX.sdk -o Debug/cmTC_21a27 -L/usr/local/opt/llvm/lib -search_paths_first -headerpad_max_install_names -v CMakeFiles/cmTC_21a27.dir/CMakeCCompilerABI.c.o -lSystem /usr/local/Cellar/llvm/12.0.1/lib/clang/12.0.1/lib/darwin/libclang_rt.osx.a]
    arg [/usr/bin/ld] ==> ignore
    arg [-demangle] ==> ignore
    arg [-lto_library] ==> ignore, skip following value
    arg [/usr/local/Cellar/llvm/12.0.1/lib/libLTO.dylib] ==> skip value of -lto_library
    arg [-dynamic] ==> ignore
    arg [-arch] ==> ignore
    arg [x86_64] ==> ignore
    arg [-platform_version] ==> ignore
    arg [macos] ==> ignore
    arg [11.0.0] ==> ignore
    arg [11.3] ==> ignore
    arg [-syslibroot] ==> ignore
    arg [/Library/Developer/CommandLineTools/SDKs/MacOSX.sdk] ==> ignore
    arg [-o] ==> ignore
    arg [Debug/cmTC_21a27] ==> ignore
    arg [-L/usr/local/opt/llvm/lib] ==> dir [/usr/local/opt/llvm/lib]
    arg [-search_paths_first] ==> ignore
    arg [-headerpad_max_install_names] ==> ignore
    arg [-v] ==> ignore
    arg [CMakeFiles/cmTC_21a27.dir/CMakeCCompilerABI.c.o] ==> ignore
    arg [-lSystem] ==> lib [System]
    arg [/usr/local/Cellar/llvm/12.0.1/lib/clang/12.0.1/lib/darwin/libclang_rt.osx.a] ==> lib [/usr/local/Cellar/llvm/12.0.1/lib/clang/12.0.1/lib/darwin/libclang_rt.osx.a]
  Library search paths: [;/usr/local/opt/llvm/lib;/Library/Developer/CommandLineTools/SDKs/MacOSX.sdk/usr/lib]
  Framework search paths: [;/Library/Developer/CommandLineTools/SDKs/MacOSX.sdk/System/Library/Frameworks/]
  remove lib [System]
  remove lib [/usr/local/Cellar/llvm/12.0.1/lib/clang/12.0.1/lib/darwin/libclang_rt.osx.a]
  collapse library dir [/usr/local/opt/llvm/lib] ==> [/usr/local/opt/llvm/lib]
  collapse library dir [/usr/local/opt/llvm/lib] ==> [/usr/local/opt/llvm/lib]
  collapse library dir [/Library/Developer/CommandLineTools/SDKs/MacOSX.sdk/usr/lib] ==> [/Library/Developer/CommandLineTools/SDKs/MacOSX.sdk/usr/lib]
  collapse framework dir [/Library/Developer/CommandLineTools/SDKs/MacOSX.sdk/System/Library/Frameworks/] ==> [/Library/Developer/CommandLineTools/SDKs/MacOSX.sdk/System/Library/Frameworks]
  implicit libs: []
  implicit objs: []
  implicit dirs: [/usr/local/opt/llvm/lib;/Library/Developer/CommandLineTools/SDKs/MacOSX.sdk/usr/lib]
  implicit fwks: [/Library/Developer/CommandLineTools/SDKs/MacOSX.sdk/System/Library/Frameworks]


Detecting CXX compiler ABI info compiled with the following output:
Change Dir: /Users/nieel/dev/cpp/cpcli/build/CMakeFiles/CMakeTmp

Run Build Command(s):/usr/bin/make -f Makefile cmTC_f1ebf/fast && /Applications/Xcode.app/Contents/Developer/usr/bin/make  -f CMakeFiles/cmTC_f1ebf.dir/build.make CMakeFiles/cmTC_f1ebf.dir/build
Building CXX object CMakeFiles/cmTC_f1ebf.dir/CMakeCXXCompilerABI.cpp.o
/usr/local/bin/ccache /usr/local/opt/llvm/bin/clang++   -g -isysroot /Applications/Xcode.app/Contents/Developer/Platforms/MacOSX.platform/Developer/SDKs/MacOSX.sdk   -v -Wl,-v -MD -MT CMakeFiles/cmTC_f1ebf.dir/CMakeCXXCompilerABI.cpp.o -MF CMakeFiles/cmTC_f1ebf.dir/CMakeCXXCompilerABI.cpp.o.d -o CMakeFiles/cmTC_f1ebf.dir/CMakeCXXCompilerABI.cpp.o -c /usr/local/Cellar/cmake/3.20.2/share/cmake/Modules/CMakeCXXCompilerABI.cpp
Homebrew clang version 12.0.1
Target: x86_64-apple-darwin20.4.0
Thread model: posix
InstalledDir: /usr/local/opt/llvm/bin
clang-12: warning: -Wl,-v: 'linker' input unused [-Wunused-command-line-argument]
 (in-process)
 "/usr/local/Cellar/llvm/12.0.1/bin/clang-12" -cc1 -triple x86_64-apple-macosx11.0.0 -Wundef-prefix=TARGET_OS_ -Werror=undef-prefix -Wdeprecated-objc-isa-usage -Werror=deprecated-objc-isa-usage -emit-obj -mrelax-all --mrelax-relocations -disable-free -disable-llvm-verifier -discard-value-names -main-file-name CMakeCXXCompilerABI.cpp -mrelocation-model pic -pic-level 2 -mframe-pointer=all -fno-rounding-math -munwind-tables -target-sdk-version=11.3 -fcompatibility-qualified-id-block-type-checking -fvisibility-inlines-hidden-static-local-var -target-cpu penryn -tune-cpu generic -debug-info-kind=standalone -dwarf-version=4 -debugger-tuning=lldb -target-linker-version 650.9 -v -resource-dir /usr/local/Cellar/llvm/12.0.1/lib/clang/12.0.1 -dependency-file CMakeFiles/cmTC_f1ebf.dir/CMakeCXXCompilerABI.cpp.o.d -MT CMakeFiles/cmTC_f1ebf.dir/CMakeCXXCompilerABI.cpp.o -sys-header-deps -isysroot /Applications/Xcode.app/Contents/Developer/Platforms/MacOSX.platform/Developer/SDKs/MacOSX.sdk -stdlib=libc++ -internal-isystem /usr/local/opt/llvm/bin/../include/c++/v1 -internal-isystem /Applications/Xcode.app/Contents/Developer/Platforms/MacOSX.platform/Developer/SDKs/MacOSX.sdk/usr/local/include -internal-isystem /usr/local/Cellar/llvm/12.0.1/lib/clang/12.0.1/include -internal-externc-isystem /Applications/Xcode.app/Contents/Developer/Platforms/MacOSX.platform/Developer/SDKs/MacOSX.sdk/usr/include -fdeprecated-macro -fdebug-compilation-dir /Users/nieel/dev/cpp/cpcli/build/CMakeFiles/CMakeTmp -ferror-limit 19 -stack-protector 1 -fblocks -fencode-extended-block-signature -fregister-global-dtors-with-atexit -fgnuc-version=4.2.1 -fcxx-exceptions -fexceptions -fmax-type-align=16 -fcolor-diagnostics -o CMakeFiles/cmTC_f1ebf.dir/CMakeCXXCompilerABI.cpp.o -x c++ /usr/local/Cellar/cmake/3.20.2/share/cmake/Modules/CMakeCXXCompilerABI.cpp
clang -cc1 version 12.0.1 based upon LLVM 12.0.1 default target x86_64-apple-darwin20.4.0
ignoring nonexistent directory "/Applications/Xcode.app/Contents/Developer/Platforms/MacOSX.platform/Developer/SDKs/MacOSX.sdk/usr/local/include"
ignoring nonexistent directory "/Applications/Xcode.app/Contents/Developer/Platforms/MacOSX.platform/Developer/SDKs/MacOSX.sdk/Library/Frameworks"
#include "..." search starts here:
#include <...> search starts here:
 /usr/local/opt/llvm/bin/../include/c++/v1
 /usr/local/Cellar/llvm/12.0.1/lib/clang/12.0.1/include
 /Applications/Xcode.app/Contents/Developer/Platforms/MacOSX.platform/Developer/SDKs/MacOSX.sdk/usr/include
 /Applications/Xcode.app/Contents/Developer/Platforms/MacOSX.platform/Developer/SDKs/MacOSX.sdk/System/Library/Frameworks (framework directory)
End of search list.
Linking CXX executable Debug/cmTC_f1ebf
/usr/local/Cellar/cmake/3.20.2/bin/cmake -E cmake_link_script CMakeFiles/cmTC_f1ebf.dir/link.txt --verbose=1
/usr/local/opt/llvm/bin/clang++ -g -isysroot /Applications/Xcode.app/Contents/Developer/Platforms/MacOSX.platform/Developer/SDKs/MacOSX.sdk -Wl,-search_paths_first -Wl,-headerpad_max_install_names -L/usr/local/opt/llvm/lib -v -Wl,-v CMakeFiles/cmTC_f1ebf.dir/CMakeCXXCompilerABI.cpp.o -o Debug/cmTC_f1ebf 
Homebrew clang version 12.0.1
Target: x86_64-apple-darwin20.4.0
Thread model: posix
InstalledDir: /usr/local/opt/llvm/bin
 "/usr/bin/ld" -demangle -lto_library /usr/local/Cellar/llvm/12.0.1/lib/libLTO.dylib -dynamic -arch x86_64 -platform_version macos 11.0.0 11.3 -syslibroot /Library/Developer/CommandLineTools/SDKs/MacOSX.sdk -o Debug/cmTC_f1ebf -L/usr/local/opt/llvm/lib -search_paths_first -headerpad_max_install_names -v CMakeFiles/cmTC_f1ebf.dir/CMakeCXXCompilerABI.cpp.o -lc++ -lSystem /usr/local/Cellar/llvm/12.0.1/lib/clang/12.0.1/lib/darwin/libclang_rt.osx.a
@(#)PROGRAM:ld  PROJECT:ld64-650.9
BUILD 13:09:02 May 28 2021
configured to support archs: armv6 armv7 armv7s arm64 arm64e arm64_32 i386 x86_64 x86_64h armv6m armv7k armv7m armv7em
Library search paths:
	/usr/local/opt/llvm/lib
	/Library/Developer/CommandLineTools/SDKs/MacOSX.sdk/usr/lib
Framework search paths:
	/Library/Developer/CommandLineTools/SDKs/MacOSX.sdk/System/Library/Frameworks/



Parsed CXX implicit include dir info from above output: rv=done
  found start of include info
  found start of implicit include info
    add: [/usr/local/opt/llvm/bin/../include/c++/v1]
    add: [/usr/local/Cellar/llvm/12.0.1/lib/clang/12.0.1/include]
    add: [/Applications/Xcode.app/Contents/Developer/Platforms/MacOSX.platform/Developer/SDKs/MacOSX.sdk/usr/include]
  end of search list found
  collapse include dir [/usr/local/opt/llvm/bin/../include/c++/v1] ==> [/usr/local/opt/llvm/include/c++/v1]
  collapse include dir [/usr/local/Cellar/llvm/12.0.1/lib/clang/12.0.1/include] ==> [/usr/local/Cellar/llvm/12.0.1/lib/clang/12.0.1/include]
  collapse include dir [/Applications/Xcode.app/Contents/Developer/Platforms/MacOSX.platform/Developer/SDKs/MacOSX.sdk/usr/include] ==> [/Applications/Xcode.app/Contents/Developer/Platforms/MacOSX.platform/Developer/SDKs/MacOSX.sdk/usr/include]
  implicit include dirs: [/usr/local/opt/llvm/include/c++/v1;/usr/local/Cellar/llvm/12.0.1/lib/clang/12.0.1/include;/Applications/Xcode.app/Contents/Developer/Platforms/MacOSX.platform/Developer/SDKs/MacOSX.sdk/usr/include]


Parsed CXX implicit link information from above output:
  link line regex: [^( *|.*[/\])(ld|CMAKE_LINK_STARTFILE-NOTFOUND|([^/\]+-)?ld|collect2)[^/\]*( |$)]
  ignore line: [Change Dir: /Users/nieel/dev/cpp/cpcli/build/CMakeFiles/CMakeTmp]
  ignore line: []
  ignore line: [Run Build Command(s):/usr/bin/make -f Makefile cmTC_f1ebf/fast && /Applications/Xcode.app/Contents/Developer/usr/bin/make  -f CMakeFiles/cmTC_f1ebf.dir/build.make CMakeFiles/cmTC_f1ebf.dir/build]
  ignore line: [Building CXX object CMakeFiles/cmTC_f1ebf.dir/CMakeCXXCompilerABI.cpp.o]
  ignore line: [/usr/local/bin/ccache /usr/local/opt/llvm/bin/clang++   -g -isysroot /Applications/Xcode.app/Contents/Developer/Platforms/MacOSX.platform/Developer/SDKs/MacOSX.sdk   -v -Wl -v -MD -MT CMakeFiles/cmTC_f1ebf.dir/CMakeCXXCompilerABI.cpp.o -MF CMakeFiles/cmTC_f1ebf.dir/CMakeCXXCompilerABI.cpp.o.d -o CMakeFiles/cmTC_f1ebf.dir/CMakeCXXCompilerABI.cpp.o -c /usr/local/Cellar/cmake/3.20.2/share/cmake/Modules/CMakeCXXCompilerABI.cpp]
  ignore line: [Homebrew clang version 12.0.1]
  ignore line: [Target: x86_64-apple-darwin20.4.0]
  ignore line: [Thread model: posix]
  ignore line: [InstalledDir: /usr/local/opt/llvm/bin]
  ignore line: [clang-12: warning: -Wl -v: 'linker' input unused [-Wunused-command-line-argument]]
  ignore line: [ (in-process)]
  ignore line: [ "/usr/local/Cellar/llvm/12.0.1/bin/clang-12" -cc1 -triple x86_64-apple-macosx11.0.0 -Wundef-prefix=TARGET_OS_ -Werror=undef-prefix -Wdeprecated-objc-isa-usage -Werror=deprecated-objc-isa-usage -emit-obj -mrelax-all --mrelax-relocations -disable-free -disable-llvm-verifier -discard-value-names -main-file-name CMakeCXXCompilerABI.cpp -mrelocation-model pic -pic-level 2 -mframe-pointer=all -fno-rounding-math -munwind-tables -target-sdk-version=11.3 -fcompatibility-qualified-id-block-type-checking -fvisibility-inlines-hidden-static-local-var -target-cpu penryn -tune-cpu generic -debug-info-kind=standalone -dwarf-version=4 -debugger-tuning=lldb -target-linker-version 650.9 -v -resource-dir /usr/local/Cellar/llvm/12.0.1/lib/clang/12.0.1 -dependency-file CMakeFiles/cmTC_f1ebf.dir/CMakeCXXCompilerABI.cpp.o.d -MT CMakeFiles/cmTC_f1ebf.dir/CMakeCXXCompilerABI.cpp.o -sys-header-deps -isysroot /Applications/Xcode.app/Contents/Developer/Platforms/MacOSX.platform/Developer/SDKs/MacOSX.sdk -stdlib=libc++ -internal-isystem /usr/local/opt/llvm/bin/../include/c++/v1 -internal-isystem /Applications/Xcode.app/Contents/Developer/Platforms/MacOSX.platform/Developer/SDKs/MacOSX.sdk/usr/local/include -internal-isystem /usr/local/Cellar/llvm/12.0.1/lib/clang/12.0.1/include -internal-externc-isystem /Applications/Xcode.app/Contents/Developer/Platforms/MacOSX.platform/Developer/SDKs/MacOSX.sdk/usr/include -fdeprecated-macro -fdebug-compilation-dir /Users/nieel/dev/cpp/cpcli/build/CMakeFiles/CMakeTmp -ferror-limit 19 -stack-protector 1 -fblocks -fencode-extended-block-signature -fregister-global-dtors-with-atexit -fgnuc-version=4.2.1 -fcxx-exceptions -fexceptions -fmax-type-align=16 -fcolor-diagnostics -o CMakeFiles/cmTC_f1ebf.dir/CMakeCXXCompilerABI.cpp.o -x c++ /usr/local/Cellar/cmake/3.20.2/share/cmake/Modules/CMakeCXXCompilerABI.cpp]
  ignore line: [clang -cc1 version 12.0.1 based upon LLVM 12.0.1 default target x86_64-apple-darwin20.4.0]
  ignore line: [ignoring nonexistent directory "/Applications/Xcode.app/Contents/Developer/Platforms/MacOSX.platform/Developer/SDKs/MacOSX.sdk/usr/local/include"]
  ignore line: [ignoring nonexistent directory "/Applications/Xcode.app/Contents/Developer/Platforms/MacOSX.platform/Developer/SDKs/MacOSX.sdk/Library/Frameworks"]
  ignore line: [#include "..." search starts here:]
  ignore line: [#include <...> search starts here:]
  ignore line: [ /usr/local/opt/llvm/bin/../include/c++/v1]
  ignore line: [ /usr/local/Cellar/llvm/12.0.1/lib/clang/12.0.1/include]
  ignore line: [ /Applications/Xcode.app/Contents/Developer/Platforms/MacOSX.platform/Developer/SDKs/MacOSX.sdk/usr/include]
  ignore line: [ /Applications/Xcode.app/Contents/Developer/Platforms/MacOSX.platform/Developer/SDKs/MacOSX.sdk/System/Library/Frameworks (framework directory)]
  ignore line: [End of search list.]
  ignore line: [Linking CXX executable Debug/cmTC_f1ebf]
  ignore line: [/usr/local/Cellar/cmake/3.20.2/bin/cmake -E cmake_link_script CMakeFiles/cmTC_f1ebf.dir/link.txt --verbose=1]
  ignore line: [/usr/local/opt/llvm/bin/clang++ -g -isysroot /Applications/Xcode.app/Contents/Developer/Platforms/MacOSX.platform/Developer/SDKs/MacOSX.sdk -Wl -search_paths_first -Wl -headerpad_max_install_names -L/usr/local/opt/llvm/lib -v -Wl -v CMakeFiles/cmTC_f1ebf.dir/CMakeCXXCompilerABI.cpp.o -o Debug/cmTC_f1ebf ]
  ignore line: [Homebrew clang version 12.0.1]
  ignore line: [Target: x86_64-apple-darwin20.4.0]
  ignore line: [Thread model: posix]
  ignore line: [InstalledDir: /usr/local/opt/llvm/bin]
  link line: [ "/usr/bin/ld" -demangle -lto_library /usr/local/Cellar/llvm/12.0.1/lib/libLTO.dylib -dynamic -arch x86_64 -platform_version macos 11.0.0 11.3 -syslibroot /Library/Developer/CommandLineTools/SDKs/MacOSX.sdk -o Debug/cmTC_f1ebf -L/usr/local/opt/llvm/lib -search_paths_first -headerpad_max_install_names -v CMakeFiles/cmTC_f1ebf.dir/CMakeCXXCompilerABI.cpp.o -lc++ -lSystem /usr/local/Cellar/llvm/12.0.1/lib/clang/12.0.1/lib/darwin/libclang_rt.osx.a]
    arg [/usr/bin/ld] ==> ignore
    arg [-demangle] ==> ignore
    arg [-lto_library] ==> ignore, skip following value
    arg [/usr/local/Cellar/llvm/12.0.1/lib/libLTO.dylib] ==> skip value of -lto_library
    arg [-dynamic] ==> ignore
    arg [-arch] ==> ignore
    arg [x86_64] ==> ignore
    arg [-platform_version] ==> ignore
    arg [macos] ==> ignore
    arg [11.0.0] ==> ignore
    arg [11.3] ==> ignore
    arg [-syslibroot] ==> ignore
    arg [/Library/Developer/CommandLineTools/SDKs/MacOSX.sdk] ==> ignore
    arg [-o] ==> ignore
    arg [Debug/cmTC_f1ebf] ==> ignore
    arg [-L/usr/local/opt/llvm/lib] ==> dir [/usr/local/opt/llvm/lib]
    arg [-search_paths_first] ==> ignore
    arg [-headerpad_max_install_names] ==> ignore
    arg [-v] ==> ignore
    arg [CMakeFiles/cmTC_f1ebf.dir/CMakeCXXCompilerABI.cpp.o] ==> ignore
    arg [-lc++] ==> lib [c++]
    arg [-lSystem] ==> lib [System]
    arg [/usr/local/Cellar/llvm/12.0.1/lib/clang/12.0.1/lib/darwin/libclang_rt.osx.a] ==> lib [/usr/local/Cellar/llvm/12.0.1/lib/clang/12.0.1/lib/darwin/libclang_rt.osx.a]
  Library search paths: [;/usr/local/opt/llvm/lib;/Library/Developer/CommandLineTools/SDKs/MacOSX.sdk/usr/lib]
  Framework search paths: [;/Library/Developer/CommandLineTools/SDKs/MacOSX.sdk/System/Library/Frameworks/]
  remove lib [System]
  remove lib [/usr/local/Cellar/llvm/12.0.1/lib/clang/12.0.1/lib/darwin/libclang_rt.osx.a]
  collapse library dir [/usr/local/opt/llvm/lib] ==> [/usr/local/opt/llvm/lib]
  collapse library dir [/usr/local/opt/llvm/lib] ==> [/usr/local/opt/llvm/lib]
  collapse library dir [/Library/Developer/CommandLineTools/SDKs/MacOSX.sdk/usr/lib] ==> [/Library/Developer/CommandLineTools/SDKs/MacOSX.sdk/usr/lib]
  collapse framework dir [/Library/Developer/CommandLineTools/SDKs/MacOSX.sdk/System/Library/Frameworks/] ==> [/Library/Developer/CommandLineTools/SDKs/MacOSX.sdk/System/Library/Frameworks]
  implicit libs: [c++]
  implicit objs: []
  implicit dirs: [/usr/local/opt/llvm/lib;/Library/Developer/CommandLineTools/SDKs/MacOSX.sdk/usr/lib]
  implicit fwks: [/Library/Developer/CommandLineTools/SDKs/MacOSX.sdk/System/Library/Frameworks]


